2022-10-07 13:56:49,215 [INFO] Activator:177 - 


2022-10-07 13:56:49,216 [INFO] Activator:178 - !SESSION log4j initialized
2022-10-07 13:57:01,662 [INFO] McuFinderGlobals:39 - Set McuFinder mode to 2 (CubeIDE integrated)
2022-10-07 13:57:01,829 [INFO] ApplicationProperties:181 - Using Application install path: C:\ST\STM32CubeIDE_1.7.0\STM32CubeIDE\plugins\com.st.stm32cube.common.mx_6.3.0.202107141111
2022-10-07 13:57:01,840 [INFO] DbMcusXml:74 - Set database path to: C:\ST\STM32CubeIDE_1.7.0\STM32CubeIDE\plugins\com.st.stm32cube.common.mx_6.3.0.202107141111\\db\/mcu/
2022-10-07 13:57:01,844 [INFO] DbBoardsPdsc:56 - Set plugin database path to: C:\ST\STM32CubeIDE_1.7.0\STM32CubeIDE\plugins\com.st.stm32cube.common.mx_6.3.0.202107141111\\db\/plugins/boardmanager/
2022-10-07 13:57:01,845 [INFO] DbMcus:258 - Set plugin images path to: C:\ST\STM32CubeIDE_1.7.0\STM32CubeIDE\plugins\com.st.stm32cube.common.mx_6.3.0.202107141111\\db\/plugins/mcufinder/images/
2022-10-07 13:57:01,845 [INFO] DbBoards:264 - Set plugin images path to: C:\ST\STM32CubeIDE_1.7.0\STM32CubeIDE\plugins\com.st.stm32cube.common.mx_6.3.0.202107141111\\db\/plugins/mcufinder/images/
2022-10-07 13:57:01,847 [INFO] DbExamples:333 - Set plugin images path to: C:\ST\STM32CubeIDE_1.7.0\STM32CubeIDE\plugins\com.st.stm32cube.common.mx_6.3.0.202107141111\\db\/plugins/mcufinder/images/
2022-10-07 13:57:01,856 [INFO] DbMcusAds:119 - Set database path to: C:\Users\Changg\.stmcufinder\plugins\mcufinder//mcu/
2022-10-07 13:57:01,856 [INFO] DbMcusDocs:110 - Set database path to: C:\Users\Changg\.stmcufinder\plugins\mcufinder//mcu/
2022-10-07 13:57:01,858 [INFO] DbMcusJson:64 - Set database path to: C:\Users\Changg\.stmcufinder\plugins\mcufinder//mcu/
2022-10-07 13:57:01,859 [INFO] DbBoardsDocs:110 - Set database path to: C:\Users\Changg\.stmcufinder\plugins\mcufinder//mcu/
2022-10-07 13:57:01,859 [INFO] DbBoardsJson:57 - Set database path to: C:\Users\Changg\.stmcufinder\plugins\mcufinder//mcu/
2022-10-07 13:57:01,862 [INFO] CrossReferenceDbSqlite:196 - Set database path to: C:\Users\Changg\.stmcufinder\plugins\mcufinder//mcu/cs/
2022-10-07 13:57:01,864 [INFO] DbExamplesSqlite:767 - Set database path to: C:\Users\Changg\.stmcufinder\plugins\mcufinder//mcu/
2022-10-07 13:57:01,925 [INFO] RulesReader:57 - Compatibility file has been processed (242 Rules)
2022-10-07 13:57:01,994 [INFO] DbMcusXml:74 - Set database path to: C:\ST\STM32CubeIDE_1.7.0\STM32CubeIDE\plugins\com.st.stm32cube.common.mx_6.3.0.202107141111\\db\/mcu/
2022-10-07 13:57:01,995 [INFO] DbBoardsPdsc:56 - Set plugin database path to: C:\ST\STM32CubeIDE_1.7.0\STM32CubeIDE\plugins\com.st.stm32cube.common.mx_6.3.0.202107141111\\db\/plugins/boardmanager/
2022-10-07 13:57:01,995 [INFO] DbMcus:258 - Set plugin images path to: C:\ST\STM32CubeIDE_1.7.0\STM32CubeIDE\plugins\com.st.stm32cube.common.mx_6.3.0.202107141111\\db\/plugins/mcufinder/images/
2022-10-07 13:57:01,996 [INFO] DbBoards:264 - Set plugin images path to: C:\ST\STM32CubeIDE_1.7.0\STM32CubeIDE\plugins\com.st.stm32cube.common.mx_6.3.0.202107141111\\db\/plugins/mcufinder/images/
2022-10-07 13:57:01,996 [INFO] DbExamples:333 - Set plugin images path to: C:\ST\STM32CubeIDE_1.7.0\STM32CubeIDE\plugins\com.st.stm32cube.common.mx_6.3.0.202107141111\\db\/plugins/mcufinder/images/
2022-10-07 13:57:01,996 [WARN] DbFile:35 - Overriding database path with different value: C:\Users\Changg\.stmcufinder\plugins\mcufinder/ => C:\Users\Changg\.stmcufinder\plugins\mcufinder
2022-10-07 13:57:01,996 [INFO] DbMcusAds:119 - Set database path to: C:\Users\Changg\.stmcufinder\plugins\mcufinder//mcu/
2022-10-07 13:57:01,996 [WARN] DbFile:35 - Overriding database path with different value: C:\Users\Changg\.stmcufinder\plugins\mcufinder/ => C:\Users\Changg\.stmcufinder\plugins\mcufinder
2022-10-07 13:57:01,996 [INFO] DbMcusDocs:110 - Set database path to: C:\Users\Changg\.stmcufinder\plugins\mcufinder//mcu/
2022-10-07 13:57:01,996 [WARN] DbFile:35 - Overriding database path with different value: C:\Users\Changg\.stmcufinder\plugins\mcufinder/ => C:\Users\Changg\.stmcufinder\plugins\mcufinder
2022-10-07 13:57:01,996 [INFO] DbMcusJson:64 - Set database path to: C:\Users\Changg\.stmcufinder\plugins\mcufinder//mcu/
2022-10-07 13:57:01,996 [WARN] DbFile:35 - Overriding database path with different value: C:\Users\Changg\.stmcufinder\plugins\mcufinder/ => C:\Users\Changg\.stmcufinder\plugins\mcufinder
2022-10-07 13:57:01,996 [INFO] DbBoardsDocs:110 - Set database path to: C:\Users\Changg\.stmcufinder\plugins\mcufinder//mcu/
2022-10-07 13:57:01,997 [WARN] DbFile:35 - Overriding database path with different value: C:\Users\Changg\.stmcufinder\plugins\mcufinder/ => C:\Users\Changg\.stmcufinder\plugins\mcufinder
2022-10-07 13:57:01,997 [INFO] DbBoardsJson:57 - Set database path to: C:\Users\Changg\.stmcufinder\plugins\mcufinder//mcu/
2022-10-07 13:57:01,997 [WARN] DbFile:35 - Overriding database path with different value: C:\Users\Changg\.stmcufinder\plugins\mcufinder/ => C:\Users\Changg\.stmcufinder\plugins\mcufinder
2022-10-07 13:57:01,997 [WARN] DbFile:35 - Overriding database path with different value: C:\Users\Changg\.stmcufinder\plugins\mcufinder/ => C:\Users\Changg\.stmcufinder\plugins\mcufinder
2022-10-07 13:57:01,997 [INFO] CrossReferenceDbSqlite:196 - Set database path to: C:\Users\Changg\.stmcufinder\plugins\mcufinder//mcu/cs/
2022-10-07 13:57:01,997 [WARN] DbFile:35 - Overriding database path with different value: C:\Users\Changg\.stmcufinder\plugins\mcufinder/ => C:\Users\Changg\.stmcufinder\plugins\mcufinder
2022-10-07 13:57:01,997 [INFO] DbExamplesSqlite:767 - Set database path to: C:\Users\Changg\.stmcufinder\plugins\mcufinder//mcu/
2022-10-07 13:57:02,066 [INFO] MainPanel:214 - HeapMemory: 268435456
2022-10-07 13:57:02,142 [INFO] DbMcusXml:74 - Set database path to: C:\ST\STM32CubeIDE_1.7.0\STM32CubeIDE\plugins\com.st.stm32cube.common.mx_6.3.0.202107141111\\db\/mcu/
2022-10-07 13:57:02,142 [INFO] DbBoardsPdsc:56 - Set plugin database path to: C:\ST\STM32CubeIDE_1.7.0\STM32CubeIDE\plugins\com.st.stm32cube.common.mx_6.3.0.202107141111\\db\/plugins/boardmanager/
2022-10-07 13:57:02,142 [INFO] DbMcus:258 - Set plugin images path to: C:\ST\STM32CubeIDE_1.7.0\STM32CubeIDE\plugins\com.st.stm32cube.common.mx_6.3.0.202107141111\\db\/plugins/mcufinder/images/
2022-10-07 13:57:02,142 [INFO] DbBoards:264 - Set plugin images path to: C:\ST\STM32CubeIDE_1.7.0\STM32CubeIDE\plugins\com.st.stm32cube.common.mx_6.3.0.202107141111\\db\/plugins/mcufinder/images/
2022-10-07 13:57:02,143 [INFO] DbExamples:333 - Set plugin images path to: C:\ST\STM32CubeIDE_1.7.0\STM32CubeIDE\plugins\com.st.stm32cube.common.mx_6.3.0.202107141111\\db\/plugins/mcufinder/images/
2022-10-07 13:57:02,143 [WARN] DbFile:35 - Overriding database path with different value: C:\Users\Changg\.stmcufinder\plugins\mcufinder/ => C:\Users\Changg\.stmcufinder\plugins\mcufinder
2022-10-07 13:57:02,143 [INFO] DbMcusAds:119 - Set database path to: C:\Users\Changg\.stmcufinder\plugins\mcufinder//mcu/
2022-10-07 13:57:02,143 [WARN] DbFile:35 - Overriding database path with different value: C:\Users\Changg\.stmcufinder\plugins\mcufinder/ => C:\Users\Changg\.stmcufinder\plugins\mcufinder
2022-10-07 13:57:02,143 [INFO] DbMcusDocs:110 - Set database path to: C:\Users\Changg\.stmcufinder\plugins\mcufinder//mcu/
2022-10-07 13:57:02,143 [WARN] DbFile:35 - Overriding database path with different value: C:\Users\Changg\.stmcufinder\plugins\mcufinder/ => C:\Users\Changg\.stmcufinder\plugins\mcufinder
2022-10-07 13:57:02,143 [INFO] DbMcusJson:64 - Set database path to: C:\Users\Changg\.stmcufinder\plugins\mcufinder//mcu/
2022-10-07 13:57:02,143 [WARN] DbFile:35 - Overriding database path with different value: C:\Users\Changg\.stmcufinder\plugins\mcufinder/ => C:\Users\Changg\.stmcufinder\plugins\mcufinder
2022-10-07 13:57:02,143 [INFO] DbBoardsDocs:110 - Set database path to: C:\Users\Changg\.stmcufinder\plugins\mcufinder//mcu/
2022-10-07 13:57:02,143 [WARN] DbFile:35 - Overriding database path with different value: C:\Users\Changg\.stmcufinder\plugins\mcufinder/ => C:\Users\Changg\.stmcufinder\plugins\mcufinder
2022-10-07 13:57:02,143 [INFO] DbBoardsJson:57 - Set database path to: C:\Users\Changg\.stmcufinder\plugins\mcufinder//mcu/
2022-10-07 13:57:02,144 [WARN] DbFile:35 - Overriding database path with different value: C:\Users\Changg\.stmcufinder\plugins\mcufinder/ => C:\Users\Changg\.stmcufinder\plugins\mcufinder
2022-10-07 13:57:02,144 [WARN] DbFile:35 - Overriding database path with different value: C:\Users\Changg\.stmcufinder\plugins\mcufinder/ => C:\Users\Changg\.stmcufinder\plugins\mcufinder
2022-10-07 13:57:02,144 [INFO] CrossReferenceDbSqlite:196 - Set database path to: C:\Users\Changg\.stmcufinder\plugins\mcufinder//mcu/cs/
2022-10-07 13:57:02,144 [WARN] DbFile:35 - Overriding database path with different value: C:\Users\Changg\.stmcufinder\plugins\mcufinder/ => C:\Users\Changg\.stmcufinder\plugins\mcufinder
2022-10-07 13:57:02,144 [INFO] DbExamplesSqlite:767 - Set database path to: C:\Users\Changg\.stmcufinder\plugins\mcufinder//mcu/
2022-10-07 13:57:02,159 [INFO] ApplicationProperties:181 - Using Application install path: C:\ST\STM32CubeIDE_1.7.0\STM32CubeIDE\plugins\com.st.stm32cube.common.mx_6.3.0.202107141111
2022-10-07 13:57:02,160 [INFO] PluginManage:188 - Search for loadable plugins [exclusion list=, ]
2022-10-07 13:57:02,161 [INFO] PluginManage:302 - Check plugin analytics
2022-10-07 13:57:02,266 [INFO] AnalyticsPlugin:257 - Accepted Software Licenses: 
2022-10-07 13:57:02,267 [INFO] AnalyticsPlugin:259 - Accepted CMSIS Pack Licenses: 
2022-10-07 13:57:02,267 [INFO] AnalyticsPlugin:261 - Accepted Firmware Licenses: 
2022-10-07 13:57:02,267 [INFO] PluginManage:352 - Loaded plugin analytics (category:tool,tabindex:-1)
2022-10-07 13:57:02,267 [INFO] PluginManage:302 - Check plugin clock
2022-10-07 13:57:02,278 [INFO] PluginManage:352 - Loaded plugin clock (category:base,tabindex:2)
2022-10-07 13:57:02,278 [INFO] PluginManage:302 - Check plugin ddr
2022-10-07 13:57:02,280 [INFO] PluginManage:352 - Loaded plugin ddr (category:tool,tabindex:6)
2022-10-07 13:57:02,280 [INFO] PluginManage:302 - Check plugin filemanager
2022-10-07 13:57:02,369 [INFO] PluginManage:352 - Loaded plugin filemanager (category:base,tabindex:10)
2022-10-07 13:57:02,370 [INFO] PluginManage:302 - Check plugin ipmanager
2022-10-07 13:57:02,377 [INFO] PluginManage:352 - Loaded plugin ipmanager (category:base,tabindex:5)
2022-10-07 13:57:02,378 [INFO] PluginManage:302 - Check plugin pinoutandconfiguration
2022-10-07 13:57:02,384 [INFO] PluginManage:352 - Loaded plugin pinoutandconfiguration (category:base,tabindex:1)
2022-10-07 13:57:02,384 [INFO] PluginManage:302 - Check plugin pinoutconfig
2022-10-07 13:57:02,404 [INFO] PluginManage:352 - Loaded plugin pinoutconfig (category:base,tabindex:0)
2022-10-07 13:57:02,404 [INFO] PluginManage:302 - Check plugin power
2022-10-07 13:57:02,412 [INFO] PluginManage:352 - Loaded plugin power (category:power,tabindex:4)
2022-10-07 13:57:02,413 [INFO] PluginManage:302 - Check plugin projectmanager
2022-10-07 13:57:02,427 [INFO] PluginManage:352 - Loaded plugin projectmanager (category:projectmanager,tabindex:3)
2022-10-07 13:57:02,427 [INFO] PluginManage:302 - Check plugin thirdparty
2022-10-07 13:57:02,518 [INFO] PluginManage:352 - Loaded plugin thirdparty (category:base,tabindex:-1)
2022-10-07 13:57:02,518 [INFO] PluginManage:302 - Check plugin tools
2022-10-07 13:57:02,518 [WARN] IntegrityCheckThread:78 - waiting for thirdparty lock release [integrity check]
2022-10-07 13:57:02,519 [INFO] IntegrityCheckThread:80 - entering critical section [integrity check]
2022-10-07 13:57:02,519 [INFO] ThirdPartyUpdaterWithRetryManager:66 - Updater plugin not ready yet. [1/15]
2022-10-07 13:57:02,520 [INFO] PluginManage:352 - Loaded plugin tools (category:base,tabindex:7)
2022-10-07 13:57:02,520 [INFO] PluginManage:302 - Check plugin tutovideos
2022-10-07 13:57:02,701 [INFO] PluginManage:352 - Loaded plugin tutovideos (category:base,tabindex:-1)
2022-10-07 13:57:02,701 [INFO] PluginManage:302 - Check plugin updater
2022-10-07 13:57:02,715 [INFO] PluginManage:352 - Loaded plugin updater (category:base,tabindex:12)
2022-10-07 13:57:02,715 [INFO] PluginManage:275 - PluginManage : Loaded plugins [13]
2022-10-07 13:57:02,849 [INFO] PinOutPanel:1463 - setPackage(No Configuration,No Configuration)
2022-10-07 13:57:02,918 [INFO] IPUIPlugin:74 - create IPUIPlugin
2022-10-07 13:57:02,918 [INFO] PluginManager:213 - loadIPPluginJar : add adc
2022-10-07 13:57:02,920 [INFO] IPUIPlugin:74 - create IPUIPlugin
2022-10-07 13:57:02,920 [INFO] PluginManager:213 - loadIPPluginJar : add aes
2022-10-07 13:57:02,923 [INFO] IPUIPlugin:74 - create IPUIPlugin
2022-10-07 13:57:02,923 [INFO] PluginManager:213 - loadIPPluginJar : add can
2022-10-07 13:57:02,925 [INFO] IPUIPlugin:74 - create IPUIPlugin
2022-10-07 13:57:02,925 [INFO] PluginManager:213 - loadIPPluginJar : add comp
2022-10-07 13:57:02,927 [INFO] IPUIPlugin:74 - create IPUIPlugin
2022-10-07 13:57:02,927 [INFO] PluginManager:213 - loadIPPluginJar : add cryp
2022-10-07 13:57:02,930 [INFO] IPUIPlugin:74 - create IPUIPlugin
2022-10-07 13:57:02,930 [INFO] PluginManager:213 - loadIPPluginJar : add dfsdm
2022-10-07 13:57:02,934 [INFO] IPUIPlugin:74 - create IPUIPlugin
2022-10-07 13:57:02,934 [INFO] PluginManager:213 - loadIPPluginJar : add dma
2022-10-07 13:57:02,936 [INFO] IPUIPlugin:74 - create IPUIPlugin
2022-10-07 13:57:02,936 [INFO] PluginManager:213 - loadIPPluginJar : add dma3
2022-10-07 13:57:02,938 [INFO] IPUIPlugin:74 - create IPUIPlugin
2022-10-07 13:57:02,938 [INFO] PluginManager:213 - loadIPPluginJar : add fatfs
2022-10-07 13:57:02,942 [INFO] IPUIPlugin:74 - create IPUIPlugin
2022-10-07 13:57:02,942 [INFO] PluginManager:213 - loadIPPluginJar : add fmc
2022-10-07 13:57:02,947 [INFO] IPUIPlugin:74 - create IPUIPlugin
2022-10-07 13:57:02,948 [INFO] PluginManager:213 - loadIPPluginJar : add freertos
2022-10-07 13:57:02,949 [INFO] IPUIPlugin:74 - create IPUIPlugin
2022-10-07 13:57:02,949 [INFO] PluginManager:213 - loadIPPluginJar : add genericplugin
2022-10-07 13:57:02,950 [INFO] IPUIPlugin:74 - create IPUIPlugin
2022-10-07 13:57:02,950 [INFO] PluginManager:213 - loadIPPluginJar : add gfxmmu
2022-10-07 13:57:02,954 [INFO] IPUIPlugin:74 - create IPUIPlugin
2022-10-07 13:57:02,954 [INFO] PluginManager:213 - loadIPPluginJar : add gic
2022-10-07 13:57:02,958 [INFO] IPUIPlugin:74 - create IPUIPlugin
2022-10-07 13:57:02,958 [INFO] PluginManager:213 - loadIPPluginJar : add gpio
2022-10-07 13:57:02,961 [INFO] IPUIPlugin:74 - create IPUIPlugin
2022-10-07 13:57:02,961 [INFO] PluginManager:213 - loadIPPluginJar : add gtzc
2022-10-07 13:57:02,963 [INFO] IPUIPlugin:74 - create IPUIPlugin
2022-10-07 13:57:02,963 [INFO] PluginManager:213 - loadIPPluginJar : add hash
2022-10-07 13:57:02,965 [INFO] IPUIPlugin:74 - create IPUIPlugin
2022-10-07 13:57:02,965 [INFO] PluginManager:213 - loadIPPluginJar : add i2c
2022-10-07 13:57:02,967 [INFO] IPUIPlugin:74 - create IPUIPlugin
2022-10-07 13:57:02,967 [INFO] PluginManager:213 - loadIPPluginJar : add i2s
2022-10-07 13:57:02,969 [INFO] IPUIPlugin:74 - create IPUIPlugin
2022-10-07 13:57:02,969 [INFO] PluginManager:213 - loadIPPluginJar : add ipddr
2022-10-07 13:57:02,975 [INFO] IPUIPlugin:74 - create IPUIPlugin
2022-10-07 13:57:02,975 [INFO] PluginManager:213 - loadIPPluginJar : add linkedlist
2022-10-07 13:57:02,977 [INFO] IPUIPlugin:74 - create IPUIPlugin
2022-10-07 13:57:02,977 [INFO] PluginManager:213 - loadIPPluginJar : add lorawan
2022-10-07 13:57:02,978 [INFO] IPUIPlugin:74 - create IPUIPlugin
2022-10-07 13:57:02,978 [INFO] PluginManager:213 - loadIPPluginJar : add ltdc
2022-10-07 13:57:02,981 [INFO] IPUIPlugin:74 - create IPUIPlugin
2022-10-07 13:57:02,982 [INFO] PluginManager:213 - loadIPPluginJar : add mdma
2022-10-07 13:57:02,984 [INFO] IPUIPlugin:74 - create IPUIPlugin
2022-10-07 13:57:02,984 [INFO] PluginManager:213 - loadIPPluginJar : add nvic
2022-10-07 13:57:02,987 [INFO] IPUIPlugin:74 - create IPUIPlugin
2022-10-07 13:57:02,987 [INFO] PluginManager:213 - loadIPPluginJar : add opamp
2022-10-07 13:57:02,989 [INFO] IPUIPlugin:74 - create IPUIPlugin
2022-10-07 13:57:02,989 [INFO] PluginManager:213 - loadIPPluginJar : add openamp
2022-10-07 13:57:02,991 [INFO] IPUIPlugin:74 - create IPUIPlugin
2022-10-07 13:57:02,991 [INFO] PluginManager:213 - loadIPPluginJar : add pdm2pcm
2022-10-07 13:57:02,996 [INFO] IPUIPlugin:74 - create IPUIPlugin
2022-10-07 13:57:02,998 [INFO] PluginManager:213 - loadIPPluginJar : add plateformsettings
2022-10-07 13:57:03,000 [INFO] IPUIPlugin:74 - create IPUIPlugin
2022-10-07 13:57:03,000 [INFO] PluginManager:213 - loadIPPluginJar : add quadspi
2022-10-07 13:57:03,003 [INFO] IPUIPlugin:74 - create IPUIPlugin
2022-10-07 13:57:03,003 [INFO] PluginManager:213 - loadIPPluginJar : add resmgrutility
2022-10-07 13:57:03,006 [INFO] IPUIPlugin:74 - create IPUIPlugin
2022-10-07 13:57:03,006 [INFO] PluginManager:213 - loadIPPluginJar : add sai
2022-10-07 13:57:03,008 [INFO] IPUIPlugin:74 - create IPUIPlugin
2022-10-07 13:57:03,008 [INFO] PluginManager:213 - loadIPPluginJar : add spi
2022-10-07 13:57:03,012 [INFO] IPUIPlugin:74 - create IPUIPlugin
2022-10-07 13:57:03,012 [INFO] PluginManager:213 - loadIPPluginJar : add stm32_wpan
2022-10-07 13:57:03,014 [INFO] IPUIPlugin:74 - create IPUIPlugin
2022-10-07 13:57:03,014 [INFO] PluginManager:213 - loadIPPluginJar : add tim
2022-10-07 13:57:03,016 [INFO] IPUIPlugin:74 - create IPUIPlugin
2022-10-07 13:57:03,016 [INFO] PluginManager:213 - loadIPPluginJar : add touchsensing
2022-10-07 13:57:03,018 [INFO] IPUIPlugin:74 - create IPUIPlugin
2022-10-07 13:57:03,018 [INFO] PluginManager:213 - loadIPPluginJar : add tracer_emb
2022-10-07 13:57:03,019 [INFO] IPUIPlugin:74 - create IPUIPlugin
2022-10-07 13:57:03,019 [INFO] PluginManager:213 - loadIPPluginJar : add ts
2022-10-07 13:57:03,020 [INFO] IPUIPlugin:74 - create IPUIPlugin
2022-10-07 13:57:03,020 [INFO] PluginManager:213 - loadIPPluginJar : add tsc
2022-10-07 13:57:03,022 [INFO] IPUIPlugin:74 - create IPUIPlugin
2022-10-07 13:57:03,022 [INFO] PluginManager:213 - loadIPPluginJar : add ucpd
2022-10-07 13:57:03,024 [INFO] IPUIPlugin:74 - create IPUIPlugin
2022-10-07 13:57:03,025 [INFO] PluginManager:213 - loadIPPluginJar : add usart
2022-10-07 13:57:03,026 [INFO] IPUIPlugin:74 - create IPUIPlugin
2022-10-07 13:57:03,027 [INFO] PluginManager:213 - loadIPPluginJar : add usbx
2022-10-07 13:57:03,316 [FATAL] Updater:294 - Updater called before beeing initialized
2022-10-07 13:57:03,395 [FATAL] Updater:294 - Updater called before beeing initialized
2022-10-07 13:57:03,398 [INFO] DbMcusAds:47 - JSON generation date=Thu Sep 30 13:55:09 ICT 2021 (1632984909247)
2022-10-07 13:57:03,398 [FATAL] Updater:294 - Updater called before beeing initialized
2022-10-07 13:57:03,427 [WARN] DetailPanel:314 - Failed to get advertising image, set to default
2022-10-07 13:57:03,490 [FATAL] Updater:294 - Updater called before beeing initialized
2022-10-07 13:57:03,492 [FATAL] Updater:294 - Updater called before beeing initialized
2022-10-07 13:57:03,492 [FATAL] Updater:294 - Updater called before beeing initialized
2022-10-07 13:57:03,492 [WARN] DetailPanel:314 - Failed to get advertising image, set to default
2022-10-07 13:57:03,493 [FATAL] Updater:294 - Updater called before beeing initialized
2022-10-07 13:57:03,528 [ERROR] Updater:1075 - MainUpdater not yet initialized. External WinMGr cannot be set.
2022-10-07 13:57:03,531 [INFO] Updater:1012 - Updater Version found : 6.3.0
2022-10-07 13:57:03,550 [INFO] ApplicationProperties:181 - Using Application install path: C:\ST\STM32CubeIDE_1.7.0\STM32CubeIDE\plugins\com.st.stm32cube.common.mx_6.3.0.202107141111
2022-10-07 13:57:04,138 [INFO] MainUpdater:2671 - connection check result : 10
2022-10-07 13:57:04,138 [INFO] MainUpdater:265 - Updater Check For Update Now.
2022-10-07 13:57:04,138 [INFO] MicroXplorer:478 - Change Database Version : DB.6.0.30
2022-10-07 13:57:04,269 [INFO] CheckServerUpdateThread:112 - End of CheckServer Thread
2022-10-07 13:57:04,360 [INFO] MainUpdater:2671 - connection check result : 10
2022-10-07 13:57:04,584 [INFO] McuFinderGlobals:52 - Set McuFinderConnectedMode to false
2022-10-07 13:57:04,662 [INFO] CrossSelectorPresenter:1330 - Cross Selector saved comparison directory: C:\Users\Changg\.stmcufinder\plugins\mcufinder\mcu\cs_comparisons_mx
2022-10-07 13:57:04,666 [INFO] MultiScanPanel:197 - Auto-refresh data requested => check proxy status ongoing
2022-10-07 13:57:04,666 [INFO] MultiScanPanel:201 - Proxy status is invalid
2022-10-07 13:57:04,669 [INFO] FinderPluginLoader:87 - Searching for filters in installed packs
2022-10-07 13:57:04,671 [INFO] DbMcusXml:100 - Load MCU database from C:\ST\STM32CubeIDE_1.7.0\STM32CubeIDE\plugins\com.st.stm32cube.common.mx_6.3.0.202107141111\\db\/mcu/families.xml
2022-10-07 13:57:05,198 [INFO] DbMcusJson:93 - JSON generation date=Tue Nov 16 23:17:54 ICT 2021 (1637079474)
2022-10-07 13:57:05,641 [WARN] PackLoader:238 - Cannot read IP mode file for STMicroelectronics.X-CUBE-GNSS1.6.0.0
2022-10-07 13:57:05,668 [INFO] DbMcus:175 - Found 1951 MCUs (1903 are supported by CubeMX, 1914 are visible in CubeMX)
2022-10-07 13:57:05,669 [INFO] ApiDb:251 - Load user favorites file C:\Users\Changg/.stm32cubeide/favorites.mcus.txt: 0 item(s)
2022-10-07 13:57:05,669 [INFO] ApiDb:255 - User favorites MCUs=[]
2022-10-07 13:57:05,669 [INFO] DbMcus:187 - Set 0 / 0 favorites MCUs
2022-10-07 13:57:05,678 [WARN] PackLoader:238 - Cannot read IP mode file for STMicroelectronics.X-CUBE-AZRTOS-F4.1.1.0
2022-10-07 13:57:05,698 [WARN] PackLoader:238 - Cannot read IP mode file for STMicroelectronics.X-CUBE-AZRTOS-F7.1.1.0
2022-10-07 13:57:05,707 [WARN] PackLoader:238 - Cannot read IP mode file for STMicroelectronics.X-CUBE-BLE1.6.2.3
2022-10-07 13:57:05,711 [WARN] PackLoader:238 - Cannot read IP mode file for STMicroelectronics.X-CUBE-NFC4.2.0.4
2022-10-07 13:57:05,722 [WARN] PackLoader:238 - Cannot read IP mode file for STMicroelectronics.X-CUBE-TOF1.3.1.0
2022-10-07 13:57:05,731 [WARN] PackLoader:238 - Cannot read IP mode file for wolfSSL.I-CUBE-wolfSSL.5.5.0
2022-10-07 13:57:05,736 [WARN] PackLoader:238 - Cannot read IP mode file for STMicroelectronics.X-CUBE-NFC7.1.0.0
2022-10-07 13:57:05,775 [WARN] PackLoader:238 - Cannot read IP mode file for STMicroelectronics.X-CUBE-MEMS1.9.3.0
2022-10-07 13:57:05,937 [WARN] PackLoader:238 - Cannot read IP mode file for STMicroelectronics.X-CUBE-AI.7.2.0
2022-10-07 13:57:05,944 [WARN] PackLoader:238 - Cannot read IP mode file for STMicroelectronics.X-CUBE-SFXS2LP1.4.0.0
2022-10-07 13:57:05,948 [WARN] PackLoader:238 - Cannot read IP mode file for STMicroelectronics.X-CUBE-BLE2.3.3.0
2022-10-07 13:57:05,956 [WARN] PackLoader:238 - Cannot read IP mode file for STMicroelectronics.X-CUBE-DISPLAY.2.2.0
2022-10-07 13:57:05,962 [WARN] PackLoader:238 - Cannot read IP mode file for STMicroelectronics.X-CUBE-ISPU.1.0.0
2022-10-07 13:57:05,968 [WARN] PackLoader:238 - Cannot read IP mode file for RoweBots.I-CUBE-UNISONRTOS.5.5.0-4
2022-10-07 13:57:05,988 [WARN] PackLoader:238 - Cannot read IP mode file for STMicroelectronics.X-CUBE-AZRTOS-H7.2.1.0
2022-10-07 13:57:06,000 [WARN] PackLoader:238 - Cannot read IP mode file for STMicroelectronics.X-CUBE-BLEMGR.1.0.0
2022-10-07 13:57:06,007 [WARN] PackLoader:238 - Cannot read IP mode file for STMicroelectronics.X-CUBE-ALGOBUILD.1.3.0
2022-10-07 13:57:06,026 [WARN] PackLoader:238 - Cannot read IP mode file for STMicroelectronics.X-CUBE-AZRTOS-G0.1.1.0
2022-10-07 13:57:06,035 [WARN] PackLoader:238 - Cannot read IP mode file for STMicroelectronics.X-CUBE-SUBG2.5.0.0
2022-10-07 13:57:06,073 [WARN] PackLoader:238 - Cannot read IP mode file for SEGGER.I-CUBE-embOS.1.2.0
2022-10-07 13:57:06,123 [WARN] PackLoader:238 - Cannot read IP mode file for STMicroelectronics.FP-ATR-ASTRA1.1.1.1
2022-10-07 13:57:06,133 [WARN] PackLoader:238 - Cannot read IP mode file for STMicroelectronics.X-CUBE-AZRTOS-G4.1.0.0
2022-10-07 13:57:06,147 [WARN] PackLoader:238 - Cannot read IP mode file for STMicroelectronics.X-CUBE-AZRTOS-L4.1.0.0
2022-10-07 13:57:06,154 [WARN] PackLoader:238 - Cannot read IP mode file for emotas.I-CUBE-CANOPEN.1.1.2
2022-10-07 13:57:06,158 [WARN] PackLoader:238 - Cannot read IP mode file for STMicroelectronics.X-CUBE-TOUCHGFX.4.20.0
2022-10-07 13:57:06,159 [INFO] DetailPanel:309 - Set advertising image to C:/Users/Changg/STM32Cube/Repository/\en.Prom_NBSTM32U50921.jpg
2022-10-07 13:57:06,167 [WARN] PackLoader:238 - Cannot read IP mode file for STMicroelectronics.X-CUBE-AZRTOS-WL.1.0.0
2022-10-07 13:57:06,173 [WARN] PackLoader:238 - Cannot read IP mode file for portGmbH.I-Cube-SoM-uGOAL.1.1.0
2022-10-07 13:57:06,176 [WARN] PackLoader:238 - Cannot read IP mode file for STMicroelectronics.X-CUBE-ALS.1.0.1
2022-10-07 13:57:06,192 [WARN] PackLoader:238 - Cannot read IP mode file for STMicroelectronics.X-CUBE-AZRTOS-L5.1.0.0
2022-10-07 13:57:06,199 [WARN] PackLoader:238 - Cannot read IP mode file for STMicroelectronics.X-CUBE-EEPRMA1.3.1.1
2022-10-07 13:57:06,200 [INFO] ThirdParty:915 - Integrity check success = true
2022-10-07 13:57:06,200 [INFO] IntegrityCheckThread:94 - exiting critical section [integrity check]
2022-10-07 13:57:06,200 [INFO] IntegrityCheckThread:97 - End integrity checks thread
2022-10-07 13:57:06,528 [INFO] DbBoardsPdsc:90 - Found 25 items
2022-10-07 13:57:06,534 [INFO] DbBoardsPdsc:90 - Found 9 items
2022-10-07 13:57:06,545 [INFO] DbBoardsPdsc:90 - Found 33 items
2022-10-07 13:57:06,550 [INFO] DbBoardsPdsc:90 - Found 1 items
2022-10-07 13:57:06,565 [INFO] DbBoardsPdsc:90 - Found 48 items
2022-10-07 13:57:06,577 [INFO] DbBoardsPdsc:90 - Found 43 items
2022-10-07 13:57:06,584 [INFO] DbBoardsPdsc:90 - Found 2 items
2022-10-07 13:57:06,613 [INFO] DbBoardsPdsc:90 - Found 5 items
2022-10-07 13:57:06,616 [WARN] DbBoardsPdsc:254 - Board STM32H7B3I-DK: unknown feature type=Audio, name=, username=Audio stereo codec with Headphone Amp (CS42L51-CNZ), n=1
2022-10-07 13:57:06,617 [WARN] DbBoardsPdsc:254 - Board STM32H735G-DK: unknown feature type=Audio, name=, username=Audio stereo codec with Headphone Amp (WM8994ECS/R), n=1
2022-10-07 13:57:06,618 [WARN] DbBoardsPdsc:254 - Board STM32H7B3I-EVAL: unknown feature type=Audio, name=, username=Multi-Channel Audio Codec (CS42L51-CNZ), n=1
2022-10-07 13:57:06,618 [WARN] DbBoardsPdsc:254 - Board STM32H7B3I-EVAL: unknown feature type=Meter, name=, username=Power-metering and Temperature-monitoring with sigma-delta modulators, n=1
2022-10-07 13:57:06,618 [WARN] DbBoardsPdsc:254 - Board STM32H7B3I-EVAL: unknown feature type=Motor, name=, username=Motor Control, n=1
2022-10-07 13:57:06,619 [WARN] DbBoardsPdsc:254 - Board STM32U575I-EV: unknown feature type=joystick, name=, username=4-direction joystick with selection button, n=1
2022-10-07 13:57:06,645 [INFO] DbBoardsJson:86 - JSON generation date=Tue Nov 16 23:17:54 ICT 2021 (1637079474)
2022-10-07 13:57:06,648 [INFO] DbBoards:117 - Found 167 boards (163 are supported by CubeMX)
2022-10-07 13:57:06,655 [INFO] DbBoardsDocs:143 - JSON generation date=Tue Nov 16 23:17:54 ICT 2021 (1637079474)
2022-10-07 13:57:06,657 [INFO] DbBoardsDocs:79 - Found 209 boards documents
2022-10-07 13:57:06,658 [WARN] DbBoards:127 - board B-L475E-IOT01A2 has no document id list !
2022-10-07 13:57:06,658 [WARN] DbBoards:127 - board NUCLEO-H743ZI has no document id list !
2022-10-07 13:57:06,658 [WARN] DbBoards:127 - board NUCLEO-WL55JC2 has no document id list !
2022-10-07 13:57:06,658 [WARN] DbBoards:127 - board P-NUCLEO-WB55-Nucleo has no document id list !
2022-10-07 13:57:06,658 [WARN] DbBoards:127 - board P-NUCLEO-WB55-USBDongle has no document id list !
2022-10-07 13:57:06,658 [WARN] DbBoards:127 - board STEVAL-BFA001V1B has no document id list !
2022-10-07 13:57:06,658 [WARN] DbBoards:127 - board STEVAL-BFA001V2B has no document id list !
2022-10-07 13:57:06,658 [WARN] DbBoards:127 - board STEVAL-IDP005V1 has no document id list !
2022-10-07 13:57:06,658 [WARN] DbBoards:127 - board STEVAL-IDP005V2 has no document id list !
2022-10-07 13:57:06,658 [WARN] DbBoards:127 - board STEVAL-MKSBOX1V1 has no document id list !
2022-10-07 13:57:06,658 [WARN] DbBoards:127 - board STEVAL-STWINKT1 has no document id list !
2022-10-07 13:57:06,658 [WARN] DbBoards:127 - board STEVAL-STWINKT1B has no document id list !
2022-10-07 13:57:06,658 [WARN] DbBoards:127 - board STM32439I-EVAL2 has no document id list !
2022-10-07 13:57:06,658 [WARN] DbBoards:127 - board STM32F401C-DISCO has no document id list !
2022-10-07 13:57:06,658 [WARN] DbBoards:127 - board STM32F769I-DISC1 has no document id list !
2022-10-07 13:57:06,660 [WARN] DbBoards:127 - board STM32G474E-EVAL1 has no document id list !
2022-10-07 13:57:06,660 [WARN] DbBoards:127 - board STM32H743I-EVAL2 has no document id list !
2022-10-07 13:57:06,660 [WARN] DbBoards:127 - board STM32H747I-DISC1 has no document id list !
2022-10-07 13:57:06,660 [WARN] DbBoards:127 - board STM32H753I-EVAL2 has no document id list !
2022-10-07 13:57:06,660 [WARN] DbBoards:127 - board STM32L-DISCOVERY has no document id list !
2022-10-07 13:57:06,756 [ERROR] DbBoards:189 - Image file not found for board B-U585I-IOT02A: C:\ST\STM32CubeIDE_1.7.0\STM32CubeIDE\plugins\com.st.stm32cube.common.mx_6.3.0.202107141111\\db\/plugins/mcufinder/images/boards/B-U585I-IOT02A_small.jpg
2022-10-07 13:57:06,837 [ERROR] DbBoards:189 - Image file not found for board NUCLEO-F413ZH: C:\ST\STM32CubeIDE_1.7.0\STM32CubeIDE\plugins\com.st.stm32cube.common.mx_6.3.0.202107141111\\db\/plugins/mcufinder/images/boards/nucleo-f413zh_small.jpg
2022-10-07 13:57:06,960 [ERROR] DbBoards:189 - Image file not found for board NUCLEO-L552ZE-Q: C:\ST\STM32CubeIDE_1.7.0\STM32CubeIDE\plugins\com.st.stm32cube.common.mx_6.3.0.202107141111\\db\/plugins/mcufinder/images/boards/nucleo_l552ze_q_small.jpg
2022-10-07 13:57:06,961 [ERROR] DbBoards:189 - Image file not found for board NUCLEO-U575ZI-Q: C:\ST\STM32CubeIDE_1.7.0\STM32CubeIDE\plugins\com.st.stm32cube.common.mx_6.3.0.202107141111\\db\/plugins/mcufinder/images/boards/nucleo-u575zi-q_small.jpg
2022-10-07 13:57:06,961 [ERROR] DbBoards:189 - Image file not found for board NUCLEO-WB15CC: C:\ST\STM32CubeIDE_1.7.0\STM32CubeIDE\plugins\com.st.stm32cube.common.mx_6.3.0.202107141111\\db\/plugins/mcufinder/images/boards/nucleo-wb15cc_small.jpg
2022-10-07 13:57:06,961 [ERROR] DbBoards:189 - Image file not found for board NUCLEO-WB55RG: C:\ST\STM32CubeIDE_1.7.0\STM32CubeIDE\plugins\com.st.stm32cube.common.mx_6.3.0.202107141111\\db\/plugins/mcufinder/images/boards/nucleo-wb55rg_small.jpg
2022-10-07 13:57:07,766 [INFO] ApiDb:251 - Load user favorites file C:\Users\Changg/.stm32cubeide/favorites.boards.txt: 0 item(s)
2022-10-07 13:57:07,766 [INFO] ApiDb:255 - User favorites Boards=[]
2022-10-07 13:57:07,766 [INFO] DbBoards:206 - Set 0 / 0 favorites Boards
2022-10-07 13:57:15,746 [INFO] DbMcusDocs:143 - JSON generation date=Tue Nov 16 23:17:54 ICT 2021 (1637079474)
2022-10-07 13:57:15,909 [INFO] DbMcusDocs:79 - Found 682 MCUs documents
2022-10-07 13:57:24,467 [INFO] MainUpdater:2671 - connection check result : 10
2022-10-07 13:57:24,467 [INFO] MainUpdater:2671 - connection check result : 10
2022-10-07 13:57:24,508 [INFO] MicroXplorer:448 - Change Database Path : 
2022-10-07 13:57:24,510 [INFO] MicroXplorer:478 - Change Database Version : DB.6.0.30
2022-10-07 13:57:24,510 [WARN] ThirdParty:813 - waiting for thirdparty lock release [close project]
2022-10-07 13:57:24,510 [INFO] ThirdParty:815 - entering critical section [close project]
2022-10-07 13:57:24,511 [INFO] ThirdParty:825 - exiting critical section [close project]
2022-10-07 13:57:24,513 [INFO] PinOutPanel:1463 - setPackage(No Configuration,No Configuration)
2022-10-07 13:57:24,514 [INFO] UtilMem:74 - Begin LoadConfig() Used Memory: 474082872 Bytes (568328192)
2022-10-07 13:57:24,515 [INFO] MicroXplorer:448 - Change Database Path : 
2022-10-07 13:57:24,515 [INFO] MicroXplorer:478 - Change Database Version : DB.6.0.30
2022-10-07 13:57:24,516 [INFO] OpenFileManager:313 - Change cursor
2022-10-07 13:57:25,144 [INFO] Context:592 - Trying to add GPIOservice into a context  which must be forbidden
2022-10-07 13:57:25,259 [INFO] ImportTextPane:167 - (OptionalMessage_ERROR) Unable to find key (Mcu.ThirdPartyNb) in loaded IOC file
2022-10-07 13:57:25,260 [INFO] ImportTextPane:167 - (OptionalMessage_ERROR) Unable to find key (Mcu.PinsNb) in loaded IOC file
2022-10-07 13:57:25,260 [INFO] ImportTextPane:167 - (OptionalMessage_ERROR) Unable to find key (Mcu.IPNb) in loaded IOC file
2022-10-07 13:57:25,291 [WARN] ApiManager:304 - Cannot register API 'Board Extension:GNSS1A1' from pack STMicroelectronics.X-CUBE-GNSS1.6.0.0: no header file found
2022-10-07 13:57:25,292 [WARN] ApiManager:304 - Cannot register API 'Board Support:Custom' from pack STMicroelectronics.X-CUBE-GNSS1.6.0.0: no header file found
2022-10-07 13:57:25,292 [WARN] ApiManager:304 - Cannot register API 'Data Exchange:lib_gnss' from pack STMicroelectronics.X-CUBE-GNSS1.6.0.0: no header file found
2022-10-07 13:57:25,301 [WARN] ModelIntegratedComponent:60 - No mode defined for component null
2022-10-07 13:57:25,302 [WARN] ModelIntegratedComponent:60 - No mode defined for component null
2022-10-07 13:57:25,302 [WARN] ModelIntegratedComponent:60 - No mode defined for component null
2022-10-07 13:57:25,302 [WARN] ModelIntegratedComponent:60 - No mode defined for component null
2022-10-07 13:57:25,302 [WARN] ModelIntegratedComponent:60 - No mode defined for component null
2022-10-07 13:57:25,302 [WARN] ModelIntegratedComponent:60 - No mode defined for component null
2022-10-07 13:57:25,302 [WARN] ModelIntegratedComponent:60 - No mode defined for component null
2022-10-07 13:57:25,302 [WARN] ModelIntegratedComponent:60 - No mode defined for component null
2022-10-07 13:57:25,302 [WARN] ModelIntegratedComponent:60 - No mode defined for component null
2022-10-07 13:57:25,302 [WARN] ModelIntegratedComponent:60 - No mode defined for component null
2022-10-07 13:57:25,302 [WARN] ModelIntegratedComponent:60 - No mode defined for component null
2022-10-07 13:57:25,302 [WARN] ModelIntegratedComponent:60 - No mode defined for component null
2022-10-07 13:57:25,302 [WARN] ModelIntegratedComponent:60 - No mode defined for component null
2022-10-07 13:57:25,302 [WARN] ModelIntegratedComponent:60 - No mode defined for component null
2022-10-07 13:57:25,302 [WARN] ModelIntegratedComponent:60 - No mode defined for component null
2022-10-07 13:57:25,302 [WARN] ModelIntegratedComponent:60 - No mode defined for component null
2022-10-07 13:57:25,302 [WARN] ModelIntegratedComponent:60 - No mode defined for component null
2022-10-07 13:57:25,302 [WARN] ModelIntegratedComponent:60 - No mode defined for component null
2022-10-07 13:57:25,302 [WARN] ModelIntegratedComponent:60 - No mode defined for component null
2022-10-07 13:57:25,302 [WARN] ModelIntegratedComponent:60 - No mode defined for component null
2022-10-07 13:57:25,302 [WARN] ModelIntegratedComponent:60 - No mode defined for component null
2022-10-07 13:57:25,302 [WARN] ModelIntegratedComponent:60 - No mode defined for component null
2022-10-07 13:57:25,302 [WARN] ModelIntegratedComponent:60 - No mode defined for component null
2022-10-07 13:57:25,302 [WARN] ModelIntegratedComponent:60 - No mode defined for component null
2022-10-07 13:57:25,302 [WARN] ModelIntegratedComponent:60 - No mode defined for component null
2022-10-07 13:57:25,302 [WARN] ModelIntegratedComponent:60 - No mode defined for component null
2022-10-07 13:57:25,302 [WARN] ModelIntegratedComponent:60 - No mode defined for component null
2022-10-07 13:57:25,303 [WARN] ModelIntegratedComponent:60 - No mode defined for component null
2022-10-07 13:57:25,303 [WARN] ModelIntegratedComponent:60 - No mode defined for component null
2022-10-07 13:57:25,303 [WARN] ModelIntegratedComponent:60 - No mode defined for component null
2022-10-07 13:57:25,303 [WARN] ModelIntegratedComponent:60 - No mode defined for component null
2022-10-07 13:57:25,304 [WARN] ApiManager:304 - Cannot register API 'Board Extension:NFC07A1' from pack STMicroelectronics.X-CUBE-NFC7.1.0.0: no header file found
2022-10-07 13:57:25,392 [WARN] ApiManager:304 - Cannot register API 'Board Extension:IKS01A3' from pack STMicroelectronics.X-CUBE-MEMS1.9.3.0: no header file found
2022-10-07 13:57:25,393 [WARN] ApiManager:304 - Cannot register API 'Board Extension:IKS01A2' from pack STMicroelectronics.X-CUBE-MEMS1.9.3.0: no header file found
2022-10-07 13:57:25,393 [WARN] ApiManager:304 - Cannot register API 'Board Extension:IKS02A1' from pack STMicroelectronics.X-CUBE-MEMS1.9.3.0: no header file found
2022-10-07 13:57:25,399 [WARN] ApiManager:304 - Cannot register API 'Wireless:BlueNRG-MS' from pack STMicroelectronics.X-CUBE-BLE1.6.2.3: no header file found
2022-10-07 13:57:25,400 [INFO] RtosManager:484 - Registered RTOS mode: class=CMSIS, group=RTOS, mode=CMSIS_V1, owner=FREERTOS
2022-10-07 13:57:25,400 [INFO] RtosManager:484 - Registered RTOS mode: class=CMSIS, group=RTOS2, mode=CMSIS_V2, owner=FREERTOS
2022-10-07 13:57:25,400 [INFO] RtosManager:484 - Registered RTOS mode: class=RTOS, group=Core, mode=CMSIS_V1, owner=FREERTOS
2022-10-07 13:57:25,400 [INFO] RtosManager:484 - Registered RTOS mode: class=RTOS, group=Core, mode=CMSIS_V2, owner=FREERTOS
2022-10-07 13:57:25,400 [WARN] ModelIntegratedComponent:181 - Missing modes for component STMicroelectronics:FreeRTOS:0.0.1:STMicroelectronics:RTOS:FreeRTOS:Core:::10.2.0:
2022-10-07 13:57:25,403 [WARN] ApiManager:304 - Cannot register API 'Board Extension:S2868A1' from pack STMicroelectronics.X-CUBE-SUBG2.5.0.0: no header file found
2022-10-07 13:57:25,403 [WARN] ApiManager:304 - Cannot register API 'Board Extension:S2868A2' from pack STMicroelectronics.X-CUBE-SUBG2.5.0.0: no header file found
2022-10-07 13:57:25,403 [WARN] ApiManager:304 - Cannot register API 'Board Extension:S2915A1' from pack STMicroelectronics.X-CUBE-SUBG2.5.0.0: no header file found
2022-10-07 13:57:25,405 [WARN] ApiManager:304 - Cannot register API 'Board Extension:EEPRMA1' from pack STMicroelectronics.X-CUBE-EEPRMA1.3.1.1: no header file found
2022-10-07 13:57:25,406 [WARN] ApiManager:304 - Cannot register API 'Board Extension:EEPRMA2' from pack STMicroelectronics.X-CUBE-EEPRMA1.3.1.1: no header file found
2022-10-07 13:57:25,406 [WARN] ApiManager:304 - Cannot register API 'Board Extension:S2868A1' from pack STMicroelectronics.X-CUBE-SFXS2LP1.4.0.0: no header file found
2022-10-07 13:57:25,406 [WARN] ApiManager:304 - Cannot register API 'Board Extension:S2868A2' from pack STMicroelectronics.X-CUBE-SFXS2LP1.4.0.0: no header file found
2022-10-07 13:57:25,406 [WARN] ApiManager:304 - Cannot register API 'Board Extension:S2915A1' from pack STMicroelectronics.X-CUBE-SFXS2LP1.4.0.0: no header file found
2022-10-07 13:57:25,407 [WARN] ApiManager:304 - Cannot register API 'Wireless:BlueNRG-2' from pack STMicroelectronics.X-CUBE-BLE2.3.3.0: no header file found
2022-10-07 13:57:25,407 [WARN] ApiManager:304 - Cannot register API 'Board Extension:NFC04A1' from pack STMicroelectronics.X-CUBE-NFC4.2.0.4: no header file found
2022-10-07 13:57:26,228 [INFO] UtilMem:74 - End LoadConfig() Used Memory: 345924904 Bytes (568328192)
2022-10-07 13:57:26,231 [WARN] ThirdParty:779 - waiting for thirdparty lock release [change project]
2022-10-07 13:57:26,231 [INFO] ThirdParty:781 - entering critical section [change project]
2022-10-07 13:57:26,231 [INFO] ThirdParty:967 - CMSIS Pack Vendor :RoweBots I-CUBE-UNISONRTOS 5.5.0-4
2022-10-07 13:57:26,231 [INFO] ThirdParty:967 - CMSIS Pack Vendor :STMicroelectronics X-CUBE-GNSS1 6.0.0
2022-10-07 13:57:26,231 [INFO] ThirdParty:967 - CMSIS Pack Vendor :STMicroelectronics X-CUBE-AZRTOS-H7 2.1.0
2022-10-07 13:57:26,231 [INFO] ThirdParty:967 - CMSIS Pack Vendor :STMicroelectronics USB_HOST 2.0.0
2022-10-07 13:57:26,231 [INFO] ThirdParty:967 - CMSIS Pack Vendor :STMicroelectronics X-CUBE-AZRTOS-F4 1.1.0
2022-10-07 13:57:26,231 [INFO] ThirdParty:967 - CMSIS Pack Vendor :STMicroelectronics X-CUBE-AZRTOS-G4 1.0.0
2022-10-07 13:57:26,231 [INFO] ThirdParty:967 - CMSIS Pack Vendor :STMicroelectronics X-CUBE-AZRTOS-L4 1.0.0
2022-10-07 13:57:26,231 [INFO] ThirdParty:967 - CMSIS Pack Vendor :STMicroelectronics USB_DEVICE 3.0.0
2022-10-07 13:57:26,231 [INFO] ThirdParty:967 - CMSIS Pack Vendor :wolfSSL I-CUBE-wolfSSL 5.5.0
2022-10-07 13:57:26,231 [INFO] ThirdParty:967 - CMSIS Pack Vendor :STMicroelectronics HAL Drivers 0.0.0
2022-10-07 13:57:26,231 [INFO] ThirdParty:967 - CMSIS Pack Vendor :STMicroelectronics MBEDTLS 2.16.2
2022-10-07 13:57:26,231 [INFO] ThirdParty:967 - CMSIS Pack Vendor :emotas I-CUBE-CANOPEN 1.1.2
2022-10-07 13:57:26,231 [INFO] ThirdParty:967 - CMSIS Pack Vendor :STMicroelectronics X-CUBE-TOUCHGFX 4.20.0
2022-10-07 13:57:26,231 [INFO] ThirdParty:967 - CMSIS Pack Vendor :STMicroelectronics MBEDTLS 2.14.1
2022-10-07 13:57:26,231 [INFO] ThirdParty:967 - CMSIS Pack Vendor :STMicroelectronics X-CUBE-NFC7 1.0.0
2022-10-07 13:57:26,231 [INFO] ThirdParty:967 - CMSIS Pack Vendor :STMicroelectronics X-CUBE-BLEMGR 1.0.0
2022-10-07 13:57:26,231 [INFO] ThirdParty:967 - CMSIS Pack Vendor :STMicroelectronics X-CUBE-AZRTOS-WL 1.0.0
2022-10-07 13:57:26,231 [INFO] ThirdParty:967 - CMSIS Pack Vendor :STMicroelectronics X-CUBE-AZRTOS-F7 1.1.0
2022-10-07 13:57:26,231 [INFO] ThirdParty:967 - CMSIS Pack Vendor :STMicroelectronics X-CUBE-MEMS1 9.3.0
2022-10-07 13:57:26,231 [INFO] ThirdParty:967 - CMSIS Pack Vendor :portGmbH I-Cube-SoM-uGOAL 1.1.0
2022-10-07 13:57:26,231 [INFO] ThirdParty:967 - CMSIS Pack Vendor :STMicroelectronics X-CUBE-ALS 1.0.1
2022-10-07 13:57:26,232 [INFO] ThirdParty:967 - CMSIS Pack Vendor :STMicroelectronics USB_DEVICE 2.0.0
2022-10-07 13:57:26,232 [INFO] ThirdParty:967 - CMSIS Pack Vendor :STMicroelectronics X-CUBE-AI 7.2.0
2022-10-07 13:57:26,232 [INFO] ThirdParty:967 - CMSIS Pack Vendor :STMicroelectronics X-CUBE-BLE1 6.2.3
2022-10-07 13:57:26,232 [INFO] ThirdParty:967 - CMSIS Pack Vendor :STMicroelectronics X-CUBE-ALGOBUILD 1.3.0
2022-10-07 13:57:26,232 [INFO] ThirdParty:967 - CMSIS Pack Vendor :STMicroelectronics X-CUBE-AZRTOS-L5 1.0.0
2022-10-07 13:57:26,232 [INFO] ThirdParty:967 - CMSIS Pack Vendor :STMicroelectronics FreeRTOS 0.0.1
2022-10-07 13:57:26,232 [INFO] ThirdParty:967 - CMSIS Pack Vendor :STMicroelectronics X-CUBE-AZRTOS-G0 1.1.0
2022-10-07 13:57:26,232 [INFO] ThirdParty:967 - CMSIS Pack Vendor :STMicroelectronics USB_DEVICE 1.0.0
2022-10-07 13:57:26,232 [INFO] ThirdParty:967 - CMSIS Pack Vendor :STMicroelectronics X-CUBE-SUBG2 5.0.0
2022-10-07 13:57:26,232 [INFO] ThirdParty:967 - CMSIS Pack Vendor :SEGGER I-CUBE-embOS 1.2.0
2022-10-07 13:57:26,232 [INFO] ThirdParty:967 - CMSIS Pack Vendor :STMicroelectronics X-CUBE-EEPRMA1 3.1.1
2022-10-07 13:57:26,232 [INFO] ThirdParty:967 - CMSIS Pack Vendor :STMicroelectronics ThreadX 0.0.2
2022-10-07 13:57:26,232 [INFO] ThirdParty:967 - CMSIS Pack Vendor :STMicroelectronics lwIP 2.0.3
2022-10-07 13:57:26,232 [INFO] ThirdParty:967 - CMSIS Pack Vendor :STMicroelectronics lwIP 2.1.2
2022-10-07 13:57:26,232 [INFO] ThirdParty:967 - CMSIS Pack Vendor :STMicroelectronics X-CUBE-SFXS2LP1 4.0.0
2022-10-07 13:57:26,232 [INFO] ThirdParty:967 - CMSIS Pack Vendor :STMicroelectronics X-CUBE-BLE2 3.3.0
2022-10-07 13:57:26,232 [INFO] ThirdParty:967 - CMSIS Pack Vendor :STMicroelectronics X-CUBE-NFC4 2.0.4
2022-10-07 13:57:26,232 [INFO] ThirdParty:967 - CMSIS Pack Vendor :STMicroelectronics USB_HOST 1.0.0
2022-10-07 13:57:26,232 [INFO] ThirdParty:967 - CMSIS Pack Vendor :STMicroelectronics X-CUBE-DISPLAY 2.2.0
2022-10-07 13:57:26,232 [INFO] ThirdParty:967 - CMSIS Pack Vendor :STMicroelectronics PDM2PCM 3.1.0
2022-10-07 13:57:26,232 [INFO] ThirdParty:967 - CMSIS Pack Vendor :STMicroelectronics FP-ATR-ASTRA1 1.1.1
2022-10-07 13:57:26,232 [INFO] ThirdParty:967 - CMSIS Pack Vendor :STMicroelectronics PDM2PCM 3.2.0
2022-10-07 13:57:26,232 [INFO] ThirdParty:967 - CMSIS Pack Vendor :STMicroelectronics PDM2PCM 3.3.0
2022-10-07 13:57:26,232 [INFO] ThirdParty:967 - CMSIS Pack Vendor :STMicroelectronics X-CUBE-TOF1 3.1.0
2022-10-07 13:57:26,232 [INFO] ThirdParty:967 - CMSIS Pack Vendor :STMicroelectronics X-CUBE-ISPU 1.0.0
2022-10-07 13:57:26,232 [INFO] ThirdParty:787 - exiting critical section [change project]
2022-10-07 13:57:26,361 [INFO] PinOutPanel:1463 - setPackage(No Configuration,No Configuration)
2022-10-07 13:57:26,362 [INFO] PinOutPanel:1463 - setPackage(STM32F103C6Ux,UFQFPN48)
2022-10-07 13:57:26,604 [INFO] UtilMem:74 - Before build in PCC Used Memory: 255752752 Bytes (568328192)
2022-10-07 13:57:26,985 [INFO] UtilMem:74 - After build in PCC Used Memory: 334395952 Bytes (568328192)
2022-10-07 13:57:26,999 [INFO] IPUIPlugin:74 - create IPUIPlugin
2022-10-07 13:57:26,999 [INFO] IPUIPlugin:74 - create IPUIPlugin
2022-10-07 13:57:27,000 [INFO] IPUIPlugin:74 - create IPUIPlugin
2022-10-07 13:57:27,000 [INFO] IPUIPlugin:74 - create IPUIPlugin
2022-10-07 13:57:27,000 [INFO] IPUIPlugin:74 - create IPUIPlugin
2022-10-07 13:57:27,000 [INFO] IPUIPlugin:74 - create IPUIPlugin
2022-10-07 13:57:27,000 [INFO] IPUIPlugin:74 - create IPUIPlugin
2022-10-07 13:57:27,000 [INFO] IPUIPlugin:74 - create IPUIPlugin
2022-10-07 13:57:27,000 [INFO] IPUIPlugin:74 - create IPUIPlugin
2022-10-07 13:57:27,000 [INFO] IPUIPlugin:74 - create IPUIPlugin
2022-10-07 13:57:27,001 [INFO] IPUIPlugin:74 - create IPUIPlugin
2022-10-07 13:57:27,001 [INFO] IPUIPlugin:74 - create IPUIPlugin
2022-10-07 13:57:27,001 [INFO] IPUIPlugin:74 - create IPUIPlugin
2022-10-07 13:57:27,001 [INFO] IPUIPlugin:74 - create IPUIPlugin
2022-10-07 13:57:27,001 [INFO] IPUIPlugin:74 - create IPUIPlugin
2022-10-07 13:57:27,002 [INFO] IPUIPlugin:74 - create IPUIPlugin
2022-10-07 13:57:27,002 [INFO] IPUIPlugin:74 - create IPUIPlugin
2022-10-07 13:57:27,002 [INFO] IPUIPlugin:74 - create IPUIPlugin
2022-10-07 13:57:27,002 [INFO] IPUIPlugin:74 - create IPUIPlugin
2022-10-07 13:57:27,002 [INFO] IPUIPlugin:74 - create IPUIPlugin
2022-10-07 13:57:27,002 [INFO] IPUIPlugin:74 - create IPUIPlugin
2022-10-07 13:57:27,003 [INFO] IPUIPlugin:74 - create IPUIPlugin
2022-10-07 13:57:27,003 [INFO] IPUIPlugin:74 - create IPUIPlugin
2022-10-07 13:57:27,083 [INFO] OpenFileManager:333 - Restore cursor
2022-10-07 13:57:27,262 [INFO] UtilMem:74 - End SaveConfig() Used Memory: 268922472 Bytes (568328192)
2022-10-07 13:57:27,312 [INFO] UtilMem:74 - End SaveConfig() Used Memory: 286192088 Bytes (568328192)
2022-10-07 13:57:27,490 [INFO] BlockDiagram:2740 - set Specific Code input for plugin: NVIC
2022-10-07 13:57:27,490 [INFO] BlockDiagram:2740 - set Specific Code input for plugin: SYS
2022-10-07 13:57:27,490 [INFO] BlockDiagram:2740 - set Specific Code input for plugin: RCC
2022-10-07 13:57:27,490 [INFO] CodeGenerator:663 - code generatio: config db path: C:\ST\STM32CubeIDE_1.7.0\STM32CubeIDE\plugins\com.st.stm32cube.common.mx_6.3.0.202107141111\\db\
2022-10-07 13:57:27,738 [INFO] CodeEngine:239 - oldGeneratedFile, D:\VXL VDK\LAB\Lab2\Bai1\STM\Bai1\MXTmpFiles\license.tmp_save
2022-10-07 13:57:27,959 [INFO] CodeEngine:257 - Generated code: D:\VXL VDK\LAB\Lab2\Bai1\STM\Bai1\MXTmpFiles\license.tmp
2022-10-07 13:57:28,058 [INFO] CodeEngine:239 - oldGeneratedFile, D:\VXL VDK\LAB\Lab2\Bai1\STM\Bai1\Core\Src\stm32f1xx_it.c_save
2022-10-07 13:57:28,152 [INFO] CodeEngine:257 - Generated code: D:\VXL VDK\LAB\Lab2\Bai1\STM\Bai1\Core\Src\stm32f1xx_it.c
2022-10-07 13:57:28,155 [INFO] CodeEngine:239 - oldGeneratedFile, D:\VXL VDK\LAB\Lab2\Bai1\STM\Bai1\Core\Inc\stm32f1xx_it.h_save
2022-10-07 13:57:28,197 [INFO] CodeEngine:257 - Generated code: D:\VXL VDK\LAB\Lab2\Bai1\STM\Bai1\Core\Inc\stm32f1xx_it.h
2022-10-07 13:57:28,203 [INFO] CodeEngine:239 - oldGeneratedFile, D:\VXL VDK\LAB\Lab2\Bai1\STM\Bai1\Core\Src\stm32f1xx_hal_msp.c_save
2022-10-07 13:57:28,268 [INFO] CodeEngine:257 - Generated code: D:\VXL VDK\LAB\Lab2\Bai1\STM\Bai1\Core\Src\stm32f1xx_hal_msp.c
2022-10-07 13:57:28,270 [INFO] CodeEngine:239 - oldGeneratedFile, D:\VXL VDK\LAB\Lab2\Bai1\STM\Bai1\MXTmpFiles\system.tmp_save
2022-10-07 13:57:28,306 [INFO] CodeEngine:257 - Generated code: D:\VXL VDK\LAB\Lab2\Bai1\STM\Bai1\MXTmpFiles\system.tmp
2022-10-07 13:57:28,320 [INFO] CodeEngine:239 - oldGeneratedFile, D:\VXL VDK\LAB\Lab2\Bai1\STM\Bai1\Core\Inc\stm32f1xx_hal_conf.h_save
2022-10-07 13:57:28,398 [INFO] CodeEngine:257 - Generated code: D:\VXL VDK\LAB\Lab2\Bai1\STM\Bai1\Core\Inc\stm32f1xx_hal_conf.h
2022-10-07 13:57:28,425 [INFO] CodeEngine:239 - oldGeneratedFile, D:\VXL VDK\LAB\Lab2\Bai1\STM\Bai1\Core\Inc\main.h_save
2022-10-07 13:57:28,478 [INFO] CodeEngine:257 - Generated code: D:\VXL VDK\LAB\Lab2\Bai1\STM\Bai1\Core\Inc\main.h
2022-10-07 13:57:28,480 [INFO] CodeEngine:239 - oldGeneratedFile, D:\VXL VDK\LAB\Lab2\Bai1\STM\Bai1\Core\Src\main.c_save
2022-10-07 13:57:28,550 [INFO] CodeEngine:257 - Generated code: D:\VXL VDK\LAB\Lab2\Bai1\STM\Bai1\Core\Src\main.c
2022-10-07 13:57:29,206 [INFO] ProjectBuilder:2578 - Time for Copy HAL[1] : 172mS.
2022-10-07 13:57:29,210 [INFO] ProjectBuilder:3622 - Project Generator version: 3.14.1
2022-10-07 13:57:29,550 [INFO] ConfigFileManager:1271 - The Die is : DIE412
2022-10-07 13:57:29,560 [INFO] ApiDbMcu:468 - Load IP Config File for FATFS
2022-10-07 13:57:29,577 [INFO] ApiDbMcu:468 - Load IP Config File for FREERTOS
2022-10-07 13:57:29,591 [INFO] ApiDbMcu:468 - Load IP Config File for USB_DEVICE
2022-10-07 13:57:33,238 [INFO] ProjectBuilder:3789 - Time for Generating toolchain IDE Files: 4028mS.
2022-10-07 13:57:33,238 [INFO] ProjectBuilder:2457 - Time for Copy CMSIS : 0mS.
2022-10-07 13:57:33,239 [INFO] ProjectBuilder:2457 - Time for Copy CMSIS : 0mS.
2022-10-07 13:57:33,783 [INFO] McuFinderGlobals:52 - Set McuFinderConnectedMode to true
2022-10-07 13:57:33,784 [INFO] ApiDb:276 - Save user favorites file C:\Users\Changg/.stm32cubeide/favorites.mcus.txt: 0 item(s)
2022-10-07 13:57:33,784 [INFO] ApiDb:280 - User favorites MCUs=[]
2022-10-07 14:00:40,762 [INFO] NvicIntPanel:96 - NVIC parent = com.st.microxplorer.plugins.ip.nvic.MultiNvicIntPanel[,0,0,450x186,layout=javax.swing.BoxLayout,alignmentX=0.0,alignmentY=0.0,border=,flags=9,maximumSize=,minimumSize=,preferredSize=]
2022-10-07 14:00:42,676 [INFO] UtilMem:74 - End SaveConfig() Used Memory: 728728944 Bytes (853540864)
2022-10-07 14:00:43,877 [INFO] UtilMem:74 - End SaveConfig() Used Memory: 743749304 Bytes (853540864)
2022-10-07 14:00:46,073 [INFO] UtilMem:74 - End SaveConfig() Used Memory: 720335920 Bytes (853540864)
2022-10-07 14:00:46,294 [INFO] BlockDiagram:2740 - set Specific Code input for plugin: NVIC
2022-10-07 14:00:46,294 [INFO] BlockDiagram:2740 - set Specific Code input for plugin: SYS
2022-10-07 14:00:46,294 [INFO] BlockDiagram:2740 - set Specific Code input for plugin: GPIO
2022-10-07 14:00:46,294 [INFO] BlockDiagram:2740 - set Specific Code input for plugin: RCC
2022-10-07 14:00:46,294 [INFO] BlockDiagram:2740 - set Specific Code input for plugin: TIM1_8F1
2022-10-07 14:00:46,294 [INFO] CodeGenerator:663 - code generatio: config db path: C:\ST\STM32CubeIDE_1.7.0\STM32CubeIDE\plugins\com.st.stm32cube.common.mx_6.3.0.202107141111\\db\
2022-10-07 14:00:46,536 [INFO] CodeEngine:239 - oldGeneratedFile, D:\VXL VDK\LAB\Lab2\Bai1\STM\Bai1\MXTmpFiles\license.tmp_save
2022-10-07 14:00:46,607 [INFO] CodeEngine:257 - Generated code: D:\VXL VDK\LAB\Lab2\Bai1\STM\Bai1\MXTmpFiles\license.tmp
2022-10-07 14:00:46,640 [INFO] CodeEngine:239 - oldGeneratedFile, D:\VXL VDK\LAB\Lab2\Bai1\STM\Bai1\MXTmpFiles\gpio.tmp_save
2022-10-07 14:00:46,694 [INFO] CodeEngine:257 - Generated code: D:\VXL VDK\LAB\Lab2\Bai1\STM\Bai1\MXTmpFiles\gpio.tmp
2022-10-07 14:00:46,798 [INFO] CodeEngine:239 - oldGeneratedFile, D:\VXL VDK\LAB\Lab2\Bai1\STM\Bai1\Core\Src\stm32f1xx_it.c_save
2022-10-07 14:00:46,856 [INFO] CodeEngine:257 - Generated code: D:\VXL VDK\LAB\Lab2\Bai1\STM\Bai1\Core\Src\stm32f1xx_it.c
2022-10-07 14:00:46,858 [INFO] CodeEngine:239 - oldGeneratedFile, D:\VXL VDK\LAB\Lab2\Bai1\STM\Bai1\Core\Inc\stm32f1xx_it.h_save
2022-10-07 14:00:46,912 [INFO] CodeEngine:257 - Generated code: D:\VXL VDK\LAB\Lab2\Bai1\STM\Bai1\Core\Inc\stm32f1xx_it.h
2022-10-07 14:00:46,925 [INFO] CodeEngine:239 - oldGeneratedFile, D:\VXL VDK\LAB\Lab2\Bai1\STM\Bai1\Core\Src\stm32f1xx_hal_msp.c_save
2022-10-07 14:00:46,988 [INFO] CodeEngine:257 - Generated code: D:\VXL VDK\LAB\Lab2\Bai1\STM\Bai1\Core\Src\stm32f1xx_hal_msp.c
2022-10-07 14:00:46,989 [INFO] CodeEngine:239 - oldGeneratedFile, D:\VXL VDK\LAB\Lab2\Bai1\STM\Bai1\MXTmpFiles\system.tmp_save
2022-10-07 14:00:47,022 [INFO] CodeEngine:257 - Generated code: D:\VXL VDK\LAB\Lab2\Bai1\STM\Bai1\MXTmpFiles\system.tmp
2022-10-07 14:00:47,031 [INFO] CodeEngine:239 - oldGeneratedFile, D:\VXL VDK\LAB\Lab2\Bai1\STM\Bai1\Core\Inc\stm32f1xx_hal_conf.h_save
2022-10-07 14:00:47,103 [INFO] CodeEngine:257 - Generated code: D:\VXL VDK\LAB\Lab2\Bai1\STM\Bai1\Core\Inc\stm32f1xx_hal_conf.h
2022-10-07 14:00:47,118 [WARN] IPConfigManager:3148 - IP not found : TIM
2022-10-07 14:00:47,118 [WARN] CodeGenerator:3268 - IP not found : null
2022-10-07 14:00:47,131 [INFO] CodeEngine:239 - oldGeneratedFile, D:\VXL VDK\LAB\Lab2\Bai1\STM\Bai1\Core\Inc\main.h_save
2022-10-07 14:00:47,213 [INFO] CodeEngine:257 - Generated code: D:\VXL VDK\LAB\Lab2\Bai1\STM\Bai1\Core\Inc\main.h
2022-10-07 14:00:47,237 [INFO] CodeEngine:239 - oldGeneratedFile, D:\VXL VDK\LAB\Lab2\Bai1\STM\Bai1\Core\Src\main.c_save
2022-10-07 14:00:47,344 [INFO] CodeEngine:257 - Generated code: D:\VXL VDK\LAB\Lab2\Bai1\STM\Bai1\Core\Src\main.c
2022-10-07 14:00:48,055 [INFO] ProjectBuilder:2578 - Time for Copy HAL[1] : 112mS.
2022-10-07 14:00:48,057 [INFO] ProjectBuilder:3622 - Project Generator version: 3.14.1
2022-10-07 14:00:48,438 [INFO] ConfigFileManager:1271 - The Die is : DIE412
2022-10-07 14:00:49,723 [INFO] ProjectBuilder:3789 - Time for Generating toolchain IDE Files: 1666mS.
2022-10-07 14:00:49,723 [INFO] ProjectBuilder:2457 - Time for Copy CMSIS : 0mS.
2022-10-07 14:00:49,724 [INFO] ProjectBuilder:2457 - Time for Copy CMSIS : 0mS.
