22:25:18 **** Build of configuration Debug for project Bai6 ****
make -j8 all 
arm-none-eabi-gcc "../Drivers/STM32F1xx_HAL_Driver/Src/stm32f1xx_hal.c" -mcpu=cortex-m3 -std=gnu11 -g3 -DDEBUG -DUSE_HAL_DRIVER -DSTM32F103x6 -c -I../Core/Inc -I../Drivers/STM32F1xx_HAL_Driver/Inc/Legacy -I../Drivers/STM32F1xx_HAL_Driver/Inc -I../Drivers/CMSIS/Device/ST/STM32F1xx/Include -I../Drivers/CMSIS/Include -O0 -ffunction-sections -fdata-sections -Wall -fstack-usage -MMD -MP -MF"Drivers/STM32F1xx_HAL_Driver/Src/stm32f1xx_hal.d" -MT"Drivers/STM32F1xx_HAL_Driver/Src/stm32f1xx_hal.o" --specs=nano.specs -mfloat-abi=soft -mthumb -o "Drivers/STM32F1xx_HAL_Driver/Src/stm32f1xx_hal.o"
arm-none-eabi-gcc "../Drivers/STM32F1xx_HAL_Driver/Src/stm32f1xx_hal_cortex.c" -mcpu=cortex-m3 -std=gnu11 -g3 -DDEBUG -DUSE_HAL_DRIVER -DSTM32F103x6 -c -I../Core/Inc -I../Drivers/STM32F1xx_HAL_Driver/Inc/Legacy -I../Drivers/STM32F1xx_HAL_Driver/Inc -I../Drivers/CMSIS/Device/ST/STM32F1xx/Include -I../Drivers/CMSIS/Include -O0 -ffunction-sections -fdata-sections -Wall -fstack-usage -MMD -MP -MF"Drivers/STM32F1xx_HAL_Driver/Src/stm32f1xx_hal_cortex.d" -MT"Drivers/STM32F1xx_HAL_Driver/Src/stm32f1xx_hal_cortex.o" --specs=nano.specs -mfloat-abi=soft -mthumb -o "Drivers/STM32F1xx_HAL_Driver/Src/stm32f1xx_hal_cortex.o"
arm-none-eabi-gcc "../Drivers/STM32F1xx_HAL_Driver/Src/stm32f1xx_hal_dma.c" -mcpu=cortex-m3 -std=gnu11 -g3 -DDEBUG -DUSE_HAL_DRIVER -DSTM32F103x6 -c -I../Core/Inc -I../Drivers/STM32F1xx_HAL_Driver/Inc/Legacy -I../Drivers/STM32F1xx_HAL_Driver/Inc -I../Drivers/CMSIS/Device/ST/STM32F1xx/Include -I../Drivers/CMSIS/Include -O0 -ffunction-sections -fdata-sections -Wall -fstack-usage -MMD -MP -MF"Drivers/STM32F1xx_HAL_Driver/Src/stm32f1xx_hal_dma.d" -MT"Drivers/STM32F1xx_HAL_Driver/Src/stm32f1xx_hal_dma.o" --specs=nano.specs -mfloat-abi=soft -mthumb -o "Drivers/STM32F1xx_HAL_Driver/Src/stm32f1xx_hal_dma.o"
arm-none-eabi-gcc "../Drivers/STM32F1xx_HAL_Driver/Src/stm32f1xx_hal_exti.c" -mcpu=cortex-m3 -std=gnu11 -g3 -DDEBUG -DUSE_HAL_DRIVER -DSTM32F103x6 -c -I../Core/Inc -I../Drivers/STM32F1xx_HAL_Driver/Inc/Legacy -I../Drivers/STM32F1xx_HAL_Driver/Inc -I../Drivers/CMSIS/Device/ST/STM32F1xx/Include -I../Drivers/CMSIS/Include -O0 -ffunction-sections -fdata-sections -Wall -fstack-usage -MMD -MP -MF"Drivers/STM32F1xx_HAL_Driver/Src/stm32f1xx_hal_exti.d" -MT"Drivers/STM32F1xx_HAL_Driver/Src/stm32f1xx_hal_exti.o" --specs=nano.specs -mfloat-abi=soft -mthumb -o "Drivers/STM32F1xx_HAL_Driver/Src/stm32f1xx_hal_exti.o"
arm-none-eabi-gcc "../Drivers/STM32F1xx_HAL_Driver/Src/stm32f1xx_hal_flash.c" -mcpu=cortex-m3 -std=gnu11 -g3 -DDEBUG -DUSE_HAL_DRIVER -DSTM32F103x6 -c -I../Core/Inc -I../Drivers/STM32F1xx_HAL_Driver/Inc/Legacy -I../Drivers/STM32F1xx_HAL_Driver/Inc -I../Drivers/CMSIS/Device/ST/STM32F1xx/Include -I../Drivers/CMSIS/Include -O0 -ffunction-sections -fdata-sections -Wall -fstack-usage -MMD -MP -MF"Drivers/STM32F1xx_HAL_Driver/Src/stm32f1xx_hal_flash.d" -MT"Drivers/STM32F1xx_HAL_Driver/Src/stm32f1xx_hal_flash.o" --specs=nano.specs -mfloat-abi=soft -mthumb -o "Drivers/STM32F1xx_HAL_Driver/Src/stm32f1xx_hal_flash.o"
arm-none-eabi-gcc "../Drivers/STM32F1xx_HAL_Driver/Src/stm32f1xx_hal_flash_ex.c" -mcpu=cortex-m3 -std=gnu11 -g3 -DDEBUG -DUSE_HAL_DRIVER -DSTM32F103x6 -c -I../Core/Inc -I../Drivers/STM32F1xx_HAL_Driver/Inc/Legacy -I../Drivers/STM32F1xx_HAL_Driver/Inc -I../Drivers/CMSIS/Device/ST/STM32F1xx/Include -I../Drivers/CMSIS/Include -O0 -ffunction-sections -fdata-sections -Wall -fstack-usage -MMD -MP -MF"Drivers/STM32F1xx_HAL_Driver/Src/stm32f1xx_hal_flash_ex.d" -MT"Drivers/STM32F1xx_HAL_Driver/Src/stm32f1xx_hal_flash_ex.o" --specs=nano.specs -mfloat-abi=soft -mthumb -o "Drivers/STM32F1xx_HAL_Driver/Src/stm32f1xx_hal_flash_ex.o"
arm-none-eabi-gcc "../Drivers/STM32F1xx_HAL_Driver/Src/stm32f1xx_hal_gpio.c" -mcpu=cortex-m3 -std=gnu11 -g3 -DDEBUG -DUSE_HAL_DRIVER -DSTM32F103x6 -c -I../Core/Inc -I../Drivers/STM32F1xx_HAL_Driver/Inc/Legacy -I../Drivers/STM32F1xx_HAL_Driver/Inc -I../Drivers/CMSIS/Device/ST/STM32F1xx/Include -I../Drivers/CMSIS/Include -O0 -ffunction-sections -fdata-sections -Wall -fstack-usage -MMD -MP -MF"Drivers/STM32F1xx_HAL_Driver/Src/stm32f1xx_hal_gpio.d" -MT"Drivers/STM32F1xx_HAL_Driver/Src/stm32f1xx_hal_gpio.o" --specs=nano.specs -mfloat-abi=soft -mthumb -o "Drivers/STM32F1xx_HAL_Driver/Src/stm32f1xx_hal_gpio.o"
arm-none-eabi-gcc "../Drivers/STM32F1xx_HAL_Driver/Src/stm32f1xx_hal_gpio_ex.c" -mcpu=cortex-m3 -std=gnu11 -g3 -DDEBUG -DUSE_HAL_DRIVER -DSTM32F103x6 -c -I../Core/Inc -I../Drivers/STM32F1xx_HAL_Driver/Inc/Legacy -I../Drivers/STM32F1xx_HAL_Driver/Inc -I../Drivers/CMSIS/Device/ST/STM32F1xx/Include -I../Drivers/CMSIS/Include -O0 -ffunction-sections -fdata-sections -Wall -fstack-usage -MMD -MP -MF"Drivers/STM32F1xx_HAL_Driver/Src/stm32f1xx_hal_gpio_ex.d" -MT"Drivers/STM32F1xx_HAL_Driver/Src/stm32f1xx_hal_gpio_ex.o" --specs=nano.specs -mfloat-abi=soft -mthumb -o "Drivers/STM32F1xx_HAL_Driver/Src/stm32f1xx_hal_gpio_ex.o"
arm-none-eabi-gcc "../Drivers/STM32F1xx_HAL_Driver/Src/stm32f1xx_hal_pwr.c" -mcpu=cortex-m3 -std=gnu11 -g3 -DDEBUG -DUSE_HAL_DRIVER -DSTM32F103x6 -c -I../Core/Inc -I../Drivers/STM32F1xx_HAL_Driver/Inc/Legacy -I../Drivers/STM32F1xx_HAL_Driver/Inc -I../Drivers/CMSIS/Device/ST/STM32F1xx/Include -I../Drivers/CMSIS/Include -O0 -ffunction-sections -fdata-sections -Wall -fstack-usage -MMD -MP -MF"Drivers/STM32F1xx_HAL_Driver/Src/stm32f1xx_hal_pwr.d" -MT"Drivers/STM32F1xx_HAL_Driver/Src/stm32f1xx_hal_pwr.o" --specs=nano.specs -mfloat-abi=soft -mthumb -o "Drivers/STM32F1xx_HAL_Driver/Src/stm32f1xx_hal_pwr.o"
arm-none-eabi-gcc "../Drivers/STM32F1xx_HAL_Driver/Src/stm32f1xx_hal_rcc.c" -mcpu=cortex-m3 -std=gnu11 -g3 -DDEBUG -DUSE_HAL_DRIVER -DSTM32F103x6 -c -I../Core/Inc -I../Drivers/STM32F1xx_HAL_Driver/Inc/Legacy -I../Drivers/STM32F1xx_HAL_Driver/Inc -I../Drivers/CMSIS/Device/ST/STM32F1xx/Include -I../Drivers/CMSIS/Include -O0 -ffunction-sections -fdata-sections -Wall -fstack-usage -MMD -MP -MF"Drivers/STM32F1xx_HAL_Driver/Src/stm32f1xx_hal_rcc.d" -MT"Drivers/STM32F1xx_HAL_Driver/Src/stm32f1xx_hal_rcc.o" --specs=nano.specs -mfloat-abi=soft -mthumb -o "Drivers/STM32F1xx_HAL_Driver/Src/stm32f1xx_hal_rcc.o"
arm-none-eabi-gcc "../Drivers/STM32F1xx_HAL_Driver/Src/stm32f1xx_hal_rcc_ex.c" -mcpu=cortex-m3 -std=gnu11 -g3 -DDEBUG -DUSE_HAL_DRIVER -DSTM32F103x6 -c -I../Core/Inc -I../Drivers/STM32F1xx_HAL_Driver/Inc/Legacy -I../Drivers/STM32F1xx_HAL_Driver/Inc -I../Drivers/CMSIS/Device/ST/STM32F1xx/Include -I../Drivers/CMSIS/Include -O0 -ffunction-sections -fdata-sections -Wall -fstack-usage -MMD -MP -MF"Drivers/STM32F1xx_HAL_Driver/Src/stm32f1xx_hal_rcc_ex.d" -MT"Drivers/STM32F1xx_HAL_Driver/Src/stm32f1xx_hal_rcc_ex.o" --specs=nano.specs -mfloat-abi=soft -mthumb -o "Drivers/STM32F1xx_HAL_Driver/Src/stm32f1xx_hal_rcc_ex.o"
arm-none-eabi-gcc -mcpu=cortex-m3 -g3 -DDEBUG -c -x assembler-with-cpp -MMD -MP -MF"Core/Startup/startup_stm32f103c6ux.d" -MT"Core/Startup/startup_stm32f103c6ux.o" --specs=nano.specs -mfloat-abi=soft -mthumb -o "Core/Startup/startup_stm32f103c6ux.o" "../Core/Startup/startup_stm32f103c6ux.s"
arm-none-eabi-gcc "../Core/Src/main.c" -mcpu=cortex-m3 -std=gnu11 -g3 -DDEBUG -DUSE_HAL_DRIVER -DSTM32F103x6 -c -I../Core/Inc -I../Drivers/STM32F1xx_HAL_Driver/Inc/Legacy -I../Drivers/STM32F1xx_HAL_Driver/Inc -I../Drivers/CMSIS/Device/ST/STM32F1xx/Include -I../Drivers/CMSIS/Include -O0 -ffunction-sections -fdata-sections -Wall -fstack-usage -MMD -MP -MF"Core/Src/main.d" -MT"Core/Src/main.o" --specs=nano.specs -mfloat-abi=soft -mthumb -o "Core/Src/main.o"
arm-none-eabi-gcc "../Core/Src/stm32f1xx_hal_msp.c" -mcpu=cortex-m3 -std=gnu11 -g3 -DDEBUG -DUSE_HAL_DRIVER -DSTM32F103x6 -c -I../Core/Inc -I../Drivers/STM32F1xx_HAL_Driver/Inc/Legacy -I../Drivers/STM32F1xx_HAL_Driver/Inc -I../Drivers/CMSIS/Device/ST/STM32F1xx/Include -I../Drivers/CMSIS/Include -O0 -ffunction-sections -fdata-sections -Wall -fstack-usage -MMD -MP -MF"Core/Src/stm32f1xx_hal_msp.d" -MT"Core/Src/stm32f1xx_hal_msp.o" --specs=nano.specs -mfloat-abi=soft -mthumb -o "Core/Src/stm32f1xx_hal_msp.o"
arm-none-eabi-gcc "../Core/Src/stm32f1xx_it.c" -mcpu=cortex-m3 -std=gnu11 -g3 -DDEBUG -DUSE_HAL_DRIVER -DSTM32F103x6 -c -I../Core/Inc -I../Drivers/STM32F1xx_HAL_Driver/Inc/Legacy -I../Drivers/STM32F1xx_HAL_Driver/Inc -I../Drivers/CMSIS/Device/ST/STM32F1xx/Include -I../Drivers/CMSIS/Include -O0 -ffunction-sections -fdata-sections -Wall -fstack-usage -MMD -MP -MF"Core/Src/stm32f1xx_it.d" -MT"Core/Src/stm32f1xx_it.o" --specs=nano.specs -mfloat-abi=soft -mthumb -o "Core/Src/stm32f1xx_it.o"
arm-none-eabi-gcc "../Core/Src/syscalls.c" -mcpu=cortex-m3 -std=gnu11 -g3 -DDEBUG -DUSE_HAL_DRIVER -DSTM32F103x6 -c -I../Core/Inc -I../Drivers/STM32F1xx_HAL_Driver/Inc/Legacy -I../Drivers/STM32F1xx_HAL_Driver/Inc -I../Drivers/CMSIS/Device/ST/STM32F1xx/Include -I../Drivers/CMSIS/Include -O0 -ffunction-sections -fdata-sections -Wall -fstack-usage -MMD -MP -MF"Core/Src/syscalls.d" -MT"Core/Src/syscalls.o" --specs=nano.specs -mfloat-abi=soft -mthumb -o "Core/Src/syscalls.o"
../Core/Src/main.c:42:1: error: unknown type name 'TIM_HandleTypeDef'; did you mean 'DMA_HandleTypeDef'?
   42 | TIM_HandleTypeDef htim2;
      | ^~~~~~~~~~~~~~~~~
      | DMA_HandleTypeDef
../Core/Src/main.c: In function 'display7SEG':
../Core/Src/main.c:63:21: error: 'SEG0_GPIO_Port' undeclared (first use in this function)
   63 |   HAL_GPIO_WritePin(SEG0_GPIO_Port, SEG0_Pin, 0);
      |                     ^~~~~~~~~~~~~~
../Core/Src/main.c:63:21: note: each undeclared identifier is reported only once for each function it appears in
../Core/Src/main.c:63:37: error: 'SEG0_Pin' undeclared (first use in this function)
   63 |   HAL_GPIO_WritePin(SEG0_GPIO_Port, SEG0_Pin, 0);
      |                                     ^~~~~~~~
../Core/Src/main.c:64:21: error: 'SEG1_GPIO_Port' undeclared (first use in this function)
   64 |   HAL_GPIO_WritePin(SEG1_GPIO_Port, SEG1_Pin, 0);
      |                     ^~~~~~~~~~~~~~
../Core/Src/main.c:64:37: error: 'SEG1_Pin' undeclared (first use in this function)
   64 |   HAL_GPIO_WritePin(SEG1_GPIO_Port, SEG1_Pin, 0);
      |                                     ^~~~~~~~
arm-none-eabi-gcc "../Core/Src/sysmem.c" -mcpu=cortex-m3 -std=gnu11 -g3 -DDEBUG -DUSE_HAL_DRIVER -DSTM32F103x6 -c -I../Core/Inc -I../Drivers/STM32F1xx_HAL_Driver/Inc/Legacy -I../Drivers/STM32F1xx_HAL_Driver/Inc -I../Drivers/CMSIS/Device/ST/STM32F1xx/Include -I../Drivers/CMSIS/Include -O0 -ffunction-sections -fdata-sections -Wall -fstack-usage -MMD -MP -MF"Core/Src/sysmem.d" -MT"Core/Src/sysmem.o" --specs=nano.specs -mfloat-abi=soft -mthumb -o "Core/Src/sysmem.o"
../Core/Src/main.c:65:21: error: 'SEG2_GPIO_Port' undeclared (first use in this function)
   65 |   HAL_GPIO_WritePin(SEG2_GPIO_Port, SEG2_Pin, 0);
      |                     ^~~~~~~~~~~~~~
../Core/Src/main.c:65:37: error: 'SEG2_Pin' undeclared (first use in this function)
   65 |   HAL_GPIO_WritePin(SEG2_GPIO_Port, SEG2_Pin, 0);
      |                                     ^~~~~~~~
../Core/Src/main.c:66:21: error: 'SEG3_GPIO_Port' undeclared (first use in this function)
   66 |   HAL_GPIO_WritePin(SEG3_GPIO_Port, SEG3_Pin, 0);
      |                     ^~~~~~~~~~~~~~
../Core/Src/main.c:66:37: error: 'SEG3_Pin' undeclared (first use in this function)
   66 |   HAL_GPIO_WritePin(SEG3_GPIO_Port, SEG3_Pin, 0);
      |                                     ^~~~~~~~
../Core/Src/main.c:67:21: error: 'SEG4_GPIO_Port' undeclared (first use in this function)
   67 |   HAL_GPIO_WritePin(SEG4_GPIO_Port, SEG4_Pin, 0);
      |                     ^~~~~~~~~~~~~~
../Core/Src/main.c:67:37: error: 'SEG4_Pin' undeclared (first use in this function)
   67 |   HAL_GPIO_WritePin(SEG4_GPIO_Port, SEG4_Pin, 0);
      |                                     ^~~~~~~~
../Core/Src/main.c:68:21: error: 'SEG5_GPIO_Port' undeclared (first use in this function)
   68 |   HAL_GPIO_WritePin(SEG5_GPIO_Port, SEG5_Pin, 0);
      |                     ^~~~~~~~~~~~~~
../Core/Src/main.c:68:37: error: 'SEG5_Pin' undeclared (first use in this function)
   68 |   HAL_GPIO_WritePin(SEG5_GPIO_Port, SEG5_Pin, 0);
      |                                     ^~~~~~~~
../Core/Src/main.c:69:21: error: 'SEG6_GPIO_Port' undeclared (first use in this function)
   69 |   HAL_GPIO_WritePin(SEG6_GPIO_Port, SEG6_Pin, 1);
      |                     ^~~~~~~~~~~~~~
../Core/Src/main.c:69:37: error: 'SEG6_Pin' undeclared (first use in this function)
   69 |   HAL_GPIO_WritePin(SEG6_GPIO_Port, SEG6_Pin, 1);
      |                                     ^~~~~~~~
../Core/Src/main.c: In function 'main':
../Core/Src/main.c:208:2: warning: implicit declaration of function 'HAL_TIM_Base_Start_IT'; did you mean 'HAL_DMA_Start_IT'? [-Wimplicit-function-declaration]
  208 |  HAL_TIM_Base_Start_IT(&htim2);
      |  ^~~~~~~~~~~~~~~~~~~~~
      |  HAL_DMA_Start_IT
../Core/Src/main.c:217:23: error: 'LED_RED_GPIO_Port' undeclared (first use in this function)
  217 |    HAL_GPIO_TogglePin(LED_RED_GPIO_Port, LED_RED_Pin);
      |                       ^~~~~~~~~~~~~~~~~
../Core/Src/main.c:217:42: error: 'LED_RED_Pin' undeclared (first use in this function)
  217 |    HAL_GPIO_TogglePin(LED_RED_GPIO_Port, LED_RED_Pin);
      |                                          ^~~~~~~~~~~
../Core/Src/main.c: In function 'MX_TIM2_Init':
../Core/Src/main.c:271:2: error: unknown type name 'TIM_ClockConfigTypeDef'; did you mean 'EXTI_ConfigTypeDef'?
  271 |  TIM_ClockConfigTypeDef sClockSourceConfig = { 0 };
      |  ^~~~~~~~~~~~~~~~~~~~~~
      |  EXTI_ConfigTypeDef
arm-none-eabi-gcc "../Core/Src/system_stm32f1xx.c" -mcpu=cortex-m3 -std=gnu11 -g3 -DDEBUG -DUSE_HAL_DRIVER -DSTM32F103x6 -c -I../Core/Inc -I../Drivers/STM32F1xx_HAL_Driver/Inc/Legacy -I../Drivers/STM32F1xx_HAL_Driver/Inc -I../Drivers/CMSIS/Device/ST/STM32F1xx/Include -I../Drivers/CMSIS/Include -O0 -ffunction-sections -fdata-sections -Wall -fstack-usage -MMD -MP -MF"Core/Src/system_stm32f1xx.d" -MT"Core/Src/system_stm32f1xx.o" --specs=nano.specs -mfloat-abi=soft -mthumb -o "Core/Src/system_stm32f1xx.o"
../Core/Src/main.c:272:2: error: unknown type name 'TIM_MasterConfigTypeDef'
  272 |  TIM_MasterConfigTypeDef sMasterConfig = { 0 };
      |  ^~~~~~~~~~~~~~~~~~~~~~~
../Core/Src/main.c:277:7: error: request for member 'Instance' in something not a structure or union
  277 |  htim2.Instance = TIM2;
      |       ^
../Core/Src/main.c:278:7: error: request for member 'Init' in something not a structure or union
  278 |  htim2.Init.Prescaler = 7999;
      |       ^
../Core/Src/main.c:279:7: error: request for member 'Init' in something not a structure or union
  279 |  htim2.Init.CounterMode = TIM_COUNTERMODE_UP;
      |       ^
../Core/Src/main.c:279:27: error: 'TIM_COUNTERMODE_UP' undeclared (first use in this function)
  279 |  htim2.Init.CounterMode = TIM_COUNTERMODE_UP;
      |                           ^~~~~~~~~~~~~~~~~~
../Core/Src/main.c:280:7: error: request for member 'Init' in something not a structure or union
  280 |  htim2.Init.Period = 9;
      |       ^
../Core/Src/main.c:281:7: error: request for member 'Init' in something not a structure or union
  281 |  htim2.Init.ClockDivision = TIM_CLOCKDIVISION_DIV1;
      |       ^
../Core/Src/main.c:281:29: error: 'TIM_CLOCKDIVISION_DIV1' undeclared (first use in this function)
  281 |  htim2.Init.ClockDivision = TIM_CLOCKDIVISION_DIV1;
      |                             ^~~~~~~~~~~~~~~~~~~~~~
../Core/Src/main.c:282:7: error: request for member 'Init' in something not a structure or union
  282 |  htim2.Init.AutoReloadPreload = TIM_AUTORELOAD_PRELOAD_DISABLE;
      |       ^
../Core/Src/main.c:282:33: error: 'TIM_AUTORELOAD_PRELOAD_DISABLE' undeclared (first use in this function)
  282 |  htim2.Init.AutoReloadPreload = TIM_AUTORELOAD_PRELOAD_DISABLE;
      |                                 ^~~~~~~~~~~~~~~~~~~~~~~~~~~~~~
../Core/Src/main.c:283:6: warning: implicit declaration of function 'HAL_TIM_Base_Init' [-Wimplicit-function-declaration]
  283 |  if (HAL_TIM_Base_Init(&htim2) != HAL_OK) {
      |      ^~~~~~~~~~~~~~~~~
../Core/Src/main.c:286:20: error: request for member 'ClockSource' in something not a structure or union
  286 |  sClockSourceConfig.ClockSource = TIM_CLOCKSOURCE_INTERNAL;
      |                    ^
../Core/Src/main.c:286:35: error: 'TIM_CLOCKSOURCE_INTERNAL' undeclared (first use in this function)
  286 |  sClockSourceConfig.ClockSource = TIM_CLOCKSOURCE_INTERNAL;
      |                                   ^~~~~~~~~~~~~~~~~~~~~~~~
../Core/Src/main.c:287:6: warning: implicit declaration of function 'HAL_TIM_ConfigClockSource' [-Wimplicit-function-declaration]
  287 |  if (HAL_TIM_ConfigClockSource(&htim2, &sClockSourceConfig) != HAL_OK) {
      |      ^~~~~~~~~~~~~~~~~~~~~~~~~
../Core/Src/main.c:290:15: error: request for member 'MasterOutputTrigger' in something not a structure or union
  290 |  sMasterConfig.MasterOutputTrigger = TIM_TRGO_RESET;
      |               ^
../Core/Src/main.c:290:38: error: 'TIM_TRGO_RESET' undeclared (first use in this function)
  290 |  sMasterConfig.MasterOutputTrigger = TIM_TRGO_RESET;
      |                                      ^~~~~~~~~~~~~~
../Core/Src/main.c:291:15: error: request for member 'MasterSlaveMode' in something not a structure or union
  291 |  sMasterConfig.MasterSlaveMode = TIM_MASTERSLAVEMODE_DISABLE;
      |               ^
../Core/Src/main.c:291:34: error: 'TIM_MASTERSLAVEMODE_DISABLE' undeclared (first use in this function)
  291 |  sMasterConfig.MasterSlaveMode = TIM_MASTERSLAVEMODE_DISABLE;
      |                                  ^~~~~~~~~~~~~~~~~~~~~~~~~~~
../Core/Src/main.c:292:6: warning: implicit declaration of function 'HAL_TIMEx_MasterConfigSynchronization'; did you mean 'HAL_TIM_SlaveConfigSynchronization'? [-Wimplicit-function-declaration]
  292 |  if (HAL_TIMEx_MasterConfigSynchronization(&htim2, &sMasterConfig)
      |      ^~~~~~~~~~~~~~~~~~~~~~~~~~~~~~~~~~~~~
      |      HAL_TIM_SlaveConfigSynchronization
../Core/Src/main.c: In function 'MX_GPIO_Init':
../Core/Src/main.c:316:2: error: 'DOT_Pin' undeclared (first use in this function)
  316 |  DOT_Pin | LED_RED_Pin | EN0_Pin | EN1_Pin | EN2_Pin | EN3_Pin,
      |  ^~~~~~~
../Core/Src/main.c:316:12: error: 'LED_RED_Pin' undeclared (first use in this function)
  316 |  DOT_Pin | LED_RED_Pin | EN0_Pin | EN1_Pin | EN2_Pin | EN3_Pin,
      |            ^~~~~~~~~~~
../Core/Src/main.c:316:26: error: 'EN0_Pin' undeclared (first use in this function)
  316 |  DOT_Pin | LED_RED_Pin | EN0_Pin | EN1_Pin | EN2_Pin | EN3_Pin,
      |                          ^~~~~~~
../Core/Src/main.c:316:36: error: 'EN1_Pin' undeclared (first use in this function)
  316 |  DOT_Pin | LED_RED_Pin | EN0_Pin | EN1_Pin | EN2_Pin | EN3_Pin,
      |                                    ^~~~~~~
../Core/Src/main.c:316:46: error: 'EN2_Pin' undeclared (first use in this function)
  316 |  DOT_Pin | LED_RED_Pin | EN0_Pin | EN1_Pin | EN2_Pin | EN3_Pin,
      |                                              ^~~~~~~
../Core/Src/main.c:316:56: error: 'EN3_Pin' undeclared (first use in this function)
  316 |  DOT_Pin | LED_RED_Pin | EN0_Pin | EN1_Pin | EN2_Pin | EN3_Pin,
      |                                                        ^~~~~~~
../Core/Src/main.c:321:2: error: 'SEG0_Pin' undeclared (first use in this function)
  321 |  SEG0_Pin | SEG1_Pin | SEG2_Pin | SEG3_Pin | SEG4_Pin | SEG5_Pin | SEG6_Pin,
      |  ^~~~~~~~
../Core/Src/main.c:321:13: error: 'SEG1_Pin' undeclared (first use in this function)
  321 |  SEG0_Pin | SEG1_Pin | SEG2_Pin | SEG3_Pin | SEG4_Pin | SEG5_Pin | SEG6_Pin,
      |             ^~~~~~~~
../Core/Src/main.c:321:24: error: 'SEG2_Pin' undeclared (first use in this function)
  321 |  SEG0_Pin | SEG1_Pin | SEG2_Pin | SEG3_Pin | SEG4_Pin | SEG5_Pin | SEG6_Pin,
      |                        ^~~~~~~~
../Core/Src/main.c:321:35: error: 'SEG3_Pin' undeclared (first use in this function)
  321 |  SEG0_Pin | SEG1_Pin | SEG2_Pin | SEG3_Pin | SEG4_Pin | SEG5_Pin | SEG6_Pin,
      |                                   ^~~~~~~~
../Core/Src/main.c:321:46: error: 'SEG4_Pin' undeclared (first use in this function)
  321 |  SEG0_Pin | SEG1_Pin | SEG2_Pin | SEG3_Pin | SEG4_Pin | SEG5_Pin | SEG6_Pin,
      |                                              ^~~~~~~~
../Core/Src/main.c:321:57: error: 'SEG5_Pin' undeclared (first use in this function)
  321 |  SEG0_Pin | SEG1_Pin | SEG2_Pin | SEG3_Pin | SEG4_Pin | SEG5_Pin | SEG6_Pin,
      |                                                         ^~~~~~~~
../Core/Src/main.c:321:68: error: 'SEG6_Pin' undeclared (first use in this function)
  321 |  SEG0_Pin | SEG1_Pin | SEG2_Pin | SEG3_Pin | SEG4_Pin | SEG5_Pin | SEG6_Pin,
      |                                                                    ^~~~~~~~
../Core/Src/main.c: At top level:
../Core/Src/main.c:345:36: error: unknown type name 'TIM_HandleTypeDef'; did you mean 'DMA_HandleTypeDef'?
  345 | void HAL_TIM_PeriodElapsedCallback(TIM_HandleTypeDef *htim) {
      |                                    ^~~~~~~~~~~~~~~~~
      |                                    DMA_HandleTypeDef
make: *** [Core/Src/subdir.mk:34: Core/Src/main.o] Error 1
make: *** Waiting for unfinished jobs....
"make -j8 all" terminated with exit code 2. Build might be incomplete.
22:26:07 **** Incremental Build of configuration Debug for project Bai6 ****
make -j8 all 
arm-none-eabi-gcc "../Core/Src/main.c" -mcpu=cortex-m3 -std=gnu11 -g3 -DDEBUG -DUSE_HAL_DRIVER -DSTM32F103x6 -c -I../Core/Inc -I../Drivers/STM32F1xx_HAL_Driver/Inc/Legacy -I../Drivers/STM32F1xx_HAL_Driver/Inc -I../Drivers/CMSIS/Device/ST/STM32F1xx/Include -I../Drivers/CMSIS/Include -O0 -ffunction-sections -fdata-sections -Wall -fstack-usage -MMD -MP -MF"Core/Src/main.d" -MT"Core/Src/main.o" --specs=nano.specs -mfloat-abi=soft -mthumb -o "Core/Src/main.o"
../Core/Src/main.c:42:1: error: unknown type name 'TIM_HandleTypeDef'; did you mean 'DMA_HandleTypeDef'?
   42 | TIM_HandleTypeDef htim2;
      | ^~~~~~~~~~~~~~~~~
      | DMA_HandleTypeDef
../Core/Src/main.c: In function 'display7SEG':
../Core/Src/main.c:63:21: error: 'SEG0_GPIO_Port' undeclared (first use in this function)
   63 |   HAL_GPIO_WritePin(SEG0_GPIO_Port, SEG0_Pin, 0);
      |                     ^~~~~~~~~~~~~~
../Core/Src/main.c:63:21: note: each undeclared identifier is reported only once for each function it appears in
../Core/Src/main.c:63:37: error: 'SEG0_Pin' undeclared (first use in this function)
   63 |   HAL_GPIO_WritePin(SEG0_GPIO_Port, SEG0_Pin, 0);
      |                                     ^~~~~~~~
../Core/Src/main.c:64:21: error: 'SEG1_GPIO_Port' undeclared (first use in this function)
   64 |   HAL_GPIO_WritePin(SEG1_GPIO_Port, SEG1_Pin, 0);
      |                     ^~~~~~~~~~~~~~
../Core/Src/main.c:64:37: error: 'SEG1_Pin' undeclared (first use in this function)
   64 |   HAL_GPIO_WritePin(SEG1_GPIO_Port, SEG1_Pin, 0);
      |                                     ^~~~~~~~
../Core/Src/main.c:65:21: error: 'SEG2_GPIO_Port' undeclared (first use in this function)
   65 |   HAL_GPIO_WritePin(SEG2_GPIO_Port, SEG2_Pin, 0);
      |                     ^~~~~~~~~~~~~~
../Core/Src/main.c:65:37: error: 'SEG2_Pin' undeclared (first use in this function)
   65 |   HAL_GPIO_WritePin(SEG2_GPIO_Port, SEG2_Pin, 0);
      |                                     ^~~~~~~~
../Core/Src/main.c:66:21: error: 'SEG3_GPIO_Port' undeclared (first use in this function)
   66 |   HAL_GPIO_WritePin(SEG3_GPIO_Port, SEG3_Pin, 0);
      |                     ^~~~~~~~~~~~~~
../Core/Src/main.c:66:37: error: 'SEG3_Pin' undeclared (first use in this function)
   66 |   HAL_GPIO_WritePin(SEG3_GPIO_Port, SEG3_Pin, 0);
      |                                     ^~~~~~~~
../Core/Src/main.c:67:21: error: 'SEG4_GPIO_Port' undeclared (first use in this function)
   67 |   HAL_GPIO_WritePin(SEG4_GPIO_Port, SEG4_Pin, 0);
      |                     ^~~~~~~~~~~~~~
../Core/Src/main.c:67:37: error: 'SEG4_Pin' undeclared (first use in this function)
   67 |   HAL_GPIO_WritePin(SEG4_GPIO_Port, SEG4_Pin, 0);
      |                                     ^~~~~~~~
../Core/Src/main.c:68:21: error: 'SEG5_GPIO_Port' undeclared (first use in this function)
   68 |   HAL_GPIO_WritePin(SEG5_GPIO_Port, SEG5_Pin, 0);
      |                     ^~~~~~~~~~~~~~
../Core/Src/main.c:68:37: error: 'SEG5_Pin' undeclared (first use in this function)
   68 |   HAL_GPIO_WritePin(SEG5_GPIO_Port, SEG5_Pin, 0);
      |                                     ^~~~~~~~
../Core/Src/main.c:69:21: error: 'SEG6_GPIO_Port' undeclared (first use in this function)
   69 |   HAL_GPIO_WritePin(SEG6_GPIO_Port, SEG6_Pin, 1);
      |                     ^~~~~~~~~~~~~~
../Core/Src/main.c:69:37: error: 'SEG6_Pin' undeclared (first use in this function)
   69 |   HAL_GPIO_WritePin(SEG6_GPIO_Port, SEG6_Pin, 1);
      |                                     ^~~~~~~~
../Core/Src/main.c: In function 'main':
../Core/Src/main.c:208:2: warning: implicit declaration of function 'HAL_TIM_Base_Start_IT'; did you mean 'HAL_DMA_Start_IT'? [-Wimplicit-function-declaration]
  208 |  HAL_TIM_Base_Start_IT(&htim2);
      |  ^~~~~~~~~~~~~~~~~~~~~
      |  HAL_DMA_Start_IT
../Core/Src/main.c:217:23: error: 'LED_RED_GPIO_Port' undeclared (first use in this function)
  217 |    HAL_GPIO_TogglePin(LED_RED_GPIO_Port, LED_RED_Pin);
      |                       ^~~~~~~~~~~~~~~~~
../Core/Src/main.c:217:42: error: 'LED_RED_Pin' undeclared (first use in this function)
  217 |    HAL_GPIO_TogglePin(LED_RED_GPIO_Port, LED_RED_Pin);
      |                                          ^~~~~~~~~~~
../Core/Src/main.c: In function 'MX_TIM2_Init':
../Core/Src/main.c:271:2: error: unknown type name 'TIM_ClockConfigTypeDef'; did you mean 'EXTI_ConfigTypeDef'?
  271 |  TIM_ClockConfigTypeDef sClockSourceConfig = { 0 };
      |  ^~~~~~~~~~~~~~~~~~~~~~
      |  EXTI_ConfigTypeDef
../Core/Src/main.c:272:2: error: unknown type name 'TIM_MasterConfigTypeDef'
  272 |  TIM_MasterConfigTypeDef sMasterConfig = { 0 };
      |  ^~~~~~~~~~~~~~~~~~~~~~~
../Core/Src/main.c:277:7: error: request for member 'Instance' in something not a structure or union
  277 |  htim2.Instance = TIM2;
      |       ^
../Core/Src/main.c:278:7: error: request for member 'Init' in something not a structure or union
  278 |  htim2.Init.Prescaler = 7999;
      |       ^
../Core/Src/main.c:279:7: error: request for member 'Init' in something not a structure or union
  279 |  htim2.Init.CounterMode = TIM_COUNTERMODE_UP;
      |       ^
../Core/Src/main.c:279:27: error: 'TIM_COUNTERMODE_UP' undeclared (first use in this function)
  279 |  htim2.Init.CounterMode = TIM_COUNTERMODE_UP;
      |                           ^~~~~~~~~~~~~~~~~~
../Core/Src/main.c:280:7: error: request for member 'Init' in something not a structure or union
  280 |  htim2.Init.Period = 9;
      |       ^
../Core/Src/main.c:281:7: error: request for member 'Init' in something not a structure or union
  281 |  htim2.Init.ClockDivision = TIM_CLOCKDIVISION_DIV1;
      |       ^
../Core/Src/main.c:281:29: error: 'TIM_CLOCKDIVISION_DIV1' undeclared (first use in this function)
  281 |  htim2.Init.ClockDivision = TIM_CLOCKDIVISION_DIV1;
      |                             ^~~~~~~~~~~~~~~~~~~~~~
../Core/Src/main.c:282:7: error: request for member 'Init' in something not a structure or union
  282 |  htim2.Init.AutoReloadPreload = TIM_AUTORELOAD_PRELOAD_DISABLE;
      |       ^
../Core/Src/main.c:282:33: error: 'TIM_AUTORELOAD_PRELOAD_DISABLE' undeclared (first use in this function)
  282 |  htim2.Init.AutoReloadPreload = TIM_AUTORELOAD_PRELOAD_DISABLE;
      |                                 ^~~~~~~~~~~~~~~~~~~~~~~~~~~~~~
../Core/Src/main.c:283:6: warning: implicit declaration of function 'HAL_TIM_Base_Init' [-Wimplicit-function-declaration]
  283 |  if (HAL_TIM_Base_Init(&htim2) != HAL_OK) {
      |      ^~~~~~~~~~~~~~~~~
../Core/Src/main.c:286:20: error: request for member 'ClockSource' in something not a structure or union
  286 |  sClockSourceConfig.ClockSource = TIM_CLOCKSOURCE_INTERNAL;
      |                    ^
../Core/Src/main.c:286:35: error: 'TIM_CLOCKSOURCE_INTERNAL' undeclared (first use in this function)
  286 |  sClockSourceConfig.ClockSource = TIM_CLOCKSOURCE_INTERNAL;
      |                                   ^~~~~~~~~~~~~~~~~~~~~~~~
../Core/Src/main.c:287:6: warning: implicit declaration of function 'HAL_TIM_ConfigClockSource' [-Wimplicit-function-declaration]
  287 |  if (HAL_TIM_ConfigClockSource(&htim2, &sClockSourceConfig) != HAL_OK) {
      |      ^~~~~~~~~~~~~~~~~~~~~~~~~
../Core/Src/main.c:290:15: error: request for member 'MasterOutputTrigger' in something not a structure or union
  290 |  sMasterConfig.MasterOutputTrigger = TIM_TRGO_RESET;
      |               ^
../Core/Src/main.c:290:38: error: 'TIM_TRGO_RESET' undeclared (first use in this function)
  290 |  sMasterConfig.MasterOutputTrigger = TIM_TRGO_RESET;
      |                                      ^~~~~~~~~~~~~~
../Core/Src/main.c:291:15: error: request for member 'MasterSlaveMode' in something not a structure or union
  291 |  sMasterConfig.MasterSlaveMode = TIM_MASTERSLAVEMODE_DISABLE;
      |               ^
../Core/Src/main.c:291:34: error: 'TIM_MASTERSLAVEMODE_DISABLE' undeclared (first use in this function)
  291 |  sMasterConfig.MasterSlaveMode = TIM_MASTERSLAVEMODE_DISABLE;
      |                                  ^~~~~~~~~~~~~~~~~~~~~~~~~~~
../Core/Src/main.c:292:6: warning: implicit declaration of function 'HAL_TIMEx_MasterConfigSynchronization'; did you mean 'HAL_TIM_SlaveConfigSynchronization'? [-Wimplicit-function-declaration]
  292 |  if (HAL_TIMEx_MasterConfigSynchronization(&htim2, &sMasterConfig)
      |      ^~~~~~~~~~~~~~~~~~~~~~~~~~~~~~~~~~~~~
      |      HAL_TIM_SlaveConfigSynchronization
../Core/Src/main.c: In function 'MX_GPIO_Init':
../Core/Src/main.c:316:2: error: 'DOT_Pin' undeclared (first use in this function)
  316 |  DOT_Pin | LED_RED_Pin | EN0_Pin | EN1_Pin | EN2_Pin | EN3_Pin,
      |  ^~~~~~~
../Core/Src/main.c:316:12: error: 'LED_RED_Pin' undeclared (first use in this function)
  316 |  DOT_Pin | LED_RED_Pin | EN0_Pin | EN1_Pin | EN2_Pin | EN3_Pin,
      |            ^~~~~~~~~~~
../Core/Src/main.c:316:26: error: 'EN0_Pin' undeclared (first use in this function)
  316 |  DOT_Pin | LED_RED_Pin | EN0_Pin | EN1_Pin | EN2_Pin | EN3_Pin,
      |                          ^~~~~~~
../Core/Src/main.c:316:36: error: 'EN1_Pin' undeclared (first use in this function)
  316 |  DOT_Pin | LED_RED_Pin | EN0_Pin | EN1_Pin | EN2_Pin | EN3_Pin,
      |                                    ^~~~~~~
../Core/Src/main.c:316:46: error: 'EN2_Pin' undeclared (first use in this function)
  316 |  DOT_Pin | LED_RED_Pin | EN0_Pin | EN1_Pin | EN2_Pin | EN3_Pin,
      |                                              ^~~~~~~
../Core/Src/main.c:316:56: error: 'EN3_Pin' undeclared (first use in this function)
  316 |  DOT_Pin | LED_RED_Pin | EN0_Pin | EN1_Pin | EN2_Pin | EN3_Pin,
      |                                                        ^~~~~~~
../Core/Src/main.c:321:2: error: 'SEG0_Pin' undeclared (first use in this function)
  321 |  SEG0_Pin | SEG1_Pin | SEG2_Pin | SEG3_Pin | SEG4_Pin | SEG5_Pin | SEG6_Pin,
      |  ^~~~~~~~
../Core/Src/main.c:321:13: error: 'SEG1_Pin' undeclared (first use in this function)
  321 |  SEG0_Pin | SEG1_Pin | SEG2_Pin | SEG3_Pin | SEG4_Pin | SEG5_Pin | SEG6_Pin,
      |             ^~~~~~~~
../Core/Src/main.c:321:24: error: 'SEG2_Pin' undeclared (first use in this function)
  321 |  SEG0_Pin | SEG1_Pin | SEG2_Pin | SEG3_Pin | SEG4_Pin | SEG5_Pin | SEG6_Pin,
      |                        ^~~~~~~~
../Core/Src/main.c:321:35: error: 'SEG3_Pin' undeclared (first use in this function)
  321 |  SEG0_Pin | SEG1_Pin | SEG2_Pin | SEG3_Pin | SEG4_Pin | SEG5_Pin | SEG6_Pin,
      |                                   ^~~~~~~~
../Core/Src/main.c:321:46: error: 'SEG4_Pin' undeclared (first use in this function)
  321 |  SEG0_Pin | SEG1_Pin | SEG2_Pin | SEG3_Pin | SEG4_Pin | SEG5_Pin | SEG6_Pin,
      |                                              ^~~~~~~~
../Core/Src/main.c:321:57: error: 'SEG5_Pin' undeclared (first use in this function)
  321 |  SEG0_Pin | SEG1_Pin | SEG2_Pin | SEG3_Pin | SEG4_Pin | SEG5_Pin | SEG6_Pin,
      |                                                         ^~~~~~~~
../Core/Src/main.c:321:68: error: 'SEG6_Pin' undeclared (first use in this function)
  321 |  SEG0_Pin | SEG1_Pin | SEG2_Pin | SEG3_Pin | SEG4_Pin | SEG5_Pin | SEG6_Pin,
      |                                                                    ^~~~~~~~
../Core/Src/main.c: At top level:
../Core/Src/main.c:345:36: error: unknown type name 'TIM_HandleTypeDef'; did you mean 'DMA_HandleTypeDef'?
  345 | void HAL_TIM_PeriodElapsedCallback(TIM_HandleTypeDef *htim) {
      |                                    ^~~~~~~~~~~~~~~~~
      |                                    DMA_HandleTypeDef
make: *** [Core/Src/subdir.mk:34: Core/Src/main.o] Error 1
"make -j8 all" terminated with exit code 2. Build might be incomplete.
22:27:19 **** Incremental Build of configuration Debug for project Bai6 ****
make -j8 all 
arm-none-eabi-gcc "../Drivers/STM32F1xx_HAL_Driver/Src/stm32f1xx_hal.c" -mcpu=cortex-m3 -std=gnu11 -g3 -DDEBUG -DUSE_HAL_DRIVER -DSTM32F103x6 -c -I../Core/Inc -I../Drivers/STM32F1xx_HAL_Driver/Inc/Legacy -I../Drivers/STM32F1xx_HAL_Driver/Inc -I../Drivers/CMSIS/Device/ST/STM32F1xx/Include -I../Drivers/CMSIS/Include -O0 -ffunction-sections -fdata-sections -Wall -fstack-usage -MMD -MP -MF"Drivers/STM32F1xx_HAL_Driver/Src/stm32f1xx_hal.d" -MT"Drivers/STM32F1xx_HAL_Driver/Src/stm32f1xx_hal.o" --specs=nano.specs -mfloat-abi=soft -mthumb -o "Drivers/STM32F1xx_HAL_Driver/Src/stm32f1xx_hal.o"
arm-none-eabi-gcc "../Drivers/STM32F1xx_HAL_Driver/Src/stm32f1xx_hal_cortex.c" -mcpu=cortex-m3 -std=gnu11 -g3 -DDEBUG -DUSE_HAL_DRIVER -DSTM32F103x6 -c -I../Core/Inc -I../Drivers/STM32F1xx_HAL_Driver/Inc/Legacy -I../Drivers/STM32F1xx_HAL_Driver/Inc -I../Drivers/CMSIS/Device/ST/STM32F1xx/Include -I../Drivers/CMSIS/Include -O0 -ffunction-sections -fdata-sections -Wall -fstack-usage -MMD -MP -MF"Drivers/STM32F1xx_HAL_Driver/Src/stm32f1xx_hal_cortex.d" -MT"Drivers/STM32F1xx_HAL_Driver/Src/stm32f1xx_hal_cortex.o" --specs=nano.specs -mfloat-abi=soft -mthumb -o "Drivers/STM32F1xx_HAL_Driver/Src/stm32f1xx_hal_cortex.o"
arm-none-eabi-gcc "../Drivers/STM32F1xx_HAL_Driver/Src/stm32f1xx_hal_dma.c" -mcpu=cortex-m3 -std=gnu11 -g3 -DDEBUG -DUSE_HAL_DRIVER -DSTM32F103x6 -c -I../Core/Inc -I../Drivers/STM32F1xx_HAL_Driver/Inc/Legacy -I../Drivers/STM32F1xx_HAL_Driver/Inc -I../Drivers/CMSIS/Device/ST/STM32F1xx/Include -I../Drivers/CMSIS/Include -O0 -ffunction-sections -fdata-sections -Wall -fstack-usage -MMD -MP -MF"Drivers/STM32F1xx_HAL_Driver/Src/stm32f1xx_hal_dma.d" -MT"Drivers/STM32F1xx_HAL_Driver/Src/stm32f1xx_hal_dma.o" --specs=nano.specs -mfloat-abi=soft -mthumb -o "Drivers/STM32F1xx_HAL_Driver/Src/stm32f1xx_hal_dma.o"
arm-none-eabi-gcc "../Drivers/STM32F1xx_HAL_Driver/Src/stm32f1xx_hal_exti.c" -mcpu=cortex-m3 -std=gnu11 -g3 -DDEBUG -DUSE_HAL_DRIVER -DSTM32F103x6 -c -I../Core/Inc -I../Drivers/STM32F1xx_HAL_Driver/Inc/Legacy -I../Drivers/STM32F1xx_HAL_Driver/Inc -I../Drivers/CMSIS/Device/ST/STM32F1xx/Include -I../Drivers/CMSIS/Include -O0 -ffunction-sections -fdata-sections -Wall -fstack-usage -MMD -MP -MF"Drivers/STM32F1xx_HAL_Driver/Src/stm32f1xx_hal_exti.d" -MT"Drivers/STM32F1xx_HAL_Driver/Src/stm32f1xx_hal_exti.o" --specs=nano.specs -mfloat-abi=soft -mthumb -o "Drivers/STM32F1xx_HAL_Driver/Src/stm32f1xx_hal_exti.o"
arm-none-eabi-gcc "../Drivers/STM32F1xx_HAL_Driver/Src/stm32f1xx_hal_flash.c" -mcpu=cortex-m3 -std=gnu11 -g3 -DDEBUG -DUSE_HAL_DRIVER -DSTM32F103x6 -c -I../Core/Inc -I../Drivers/STM32F1xx_HAL_Driver/Inc/Legacy -I../Drivers/STM32F1xx_HAL_Driver/Inc -I../Drivers/CMSIS/Device/ST/STM32F1xx/Include -I../Drivers/CMSIS/Include -O0 -ffunction-sections -fdata-sections -Wall -fstack-usage -MMD -MP -MF"Drivers/STM32F1xx_HAL_Driver/Src/stm32f1xx_hal_flash.d" -MT"Drivers/STM32F1xx_HAL_Driver/Src/stm32f1xx_hal_flash.o" --specs=nano.specs -mfloat-abi=soft -mthumb -o "Drivers/STM32F1xx_HAL_Driver/Src/stm32f1xx_hal_flash.o"
arm-none-eabi-gcc "../Drivers/STM32F1xx_HAL_Driver/Src/stm32f1xx_hal_flash_ex.c" -mcpu=cortex-m3 -std=gnu11 -g3 -DDEBUG -DUSE_HAL_DRIVER -DSTM32F103x6 -c -I../Core/Inc -I../Drivers/STM32F1xx_HAL_Driver/Inc/Legacy -I../Drivers/STM32F1xx_HAL_Driver/Inc -I../Drivers/CMSIS/Device/ST/STM32F1xx/Include -I../Drivers/CMSIS/Include -O0 -ffunction-sections -fdata-sections -Wall -fstack-usage -MMD -MP -MF"Drivers/STM32F1xx_HAL_Driver/Src/stm32f1xx_hal_flash_ex.d" -MT"Drivers/STM32F1xx_HAL_Driver/Src/stm32f1xx_hal_flash_ex.o" --specs=nano.specs -mfloat-abi=soft -mthumb -o "Drivers/STM32F1xx_HAL_Driver/Src/stm32f1xx_hal_flash_ex.o"
arm-none-eabi-gcc "../Drivers/STM32F1xx_HAL_Driver/Src/stm32f1xx_hal_gpio.c" -mcpu=cortex-m3 -std=gnu11 -g3 -DDEBUG -DUSE_HAL_DRIVER -DSTM32F103x6 -c -I../Core/Inc -I../Drivers/STM32F1xx_HAL_Driver/Inc/Legacy -I../Drivers/STM32F1xx_HAL_Driver/Inc -I../Drivers/CMSIS/Device/ST/STM32F1xx/Include -I../Drivers/CMSIS/Include -O0 -ffunction-sections -fdata-sections -Wall -fstack-usage -MMD -MP -MF"Drivers/STM32F1xx_HAL_Driver/Src/stm32f1xx_hal_gpio.d" -MT"Drivers/STM32F1xx_HAL_Driver/Src/stm32f1xx_hal_gpio.o" --specs=nano.specs -mfloat-abi=soft -mthumb -o "Drivers/STM32F1xx_HAL_Driver/Src/stm32f1xx_hal_gpio.o"
arm-none-eabi-gcc "../Drivers/STM32F1xx_HAL_Driver/Src/stm32f1xx_hal_gpio_ex.c" -mcpu=cortex-m3 -std=gnu11 -g3 -DDEBUG -DUSE_HAL_DRIVER -DSTM32F103x6 -c -I../Core/Inc -I../Drivers/STM32F1xx_HAL_Driver/Inc/Legacy -I../Drivers/STM32F1xx_HAL_Driver/Inc -I../Drivers/CMSIS/Device/ST/STM32F1xx/Include -I../Drivers/CMSIS/Include -O0 -ffunction-sections -fdata-sections -Wall -fstack-usage -MMD -MP -MF"Drivers/STM32F1xx_HAL_Driver/Src/stm32f1xx_hal_gpio_ex.d" -MT"Drivers/STM32F1xx_HAL_Driver/Src/stm32f1xx_hal_gpio_ex.o" --specs=nano.specs -mfloat-abi=soft -mthumb -o "Drivers/STM32F1xx_HAL_Driver/Src/stm32f1xx_hal_gpio_ex.o"
arm-none-eabi-gcc "../Drivers/STM32F1xx_HAL_Driver/Src/stm32f1xx_hal_pwr.c" -mcpu=cortex-m3 -std=gnu11 -g3 -DDEBUG -DUSE_HAL_DRIVER -DSTM32F103x6 -c -I../Core/Inc -I../Drivers/STM32F1xx_HAL_Driver/Inc/Legacy -I../Drivers/STM32F1xx_HAL_Driver/Inc -I../Drivers/CMSIS/Device/ST/STM32F1xx/Include -I../Drivers/CMSIS/Include -O0 -ffunction-sections -fdata-sections -Wall -fstack-usage -MMD -MP -MF"Drivers/STM32F1xx_HAL_Driver/Src/stm32f1xx_hal_pwr.d" -MT"Drivers/STM32F1xx_HAL_Driver/Src/stm32f1xx_hal_pwr.o" --specs=nano.specs -mfloat-abi=soft -mthumb -o "Drivers/STM32F1xx_HAL_Driver/Src/stm32f1xx_hal_pwr.o"
arm-none-eabi-gcc "../Drivers/STM32F1xx_HAL_Driver/Src/stm32f1xx_hal_rcc.c" -mcpu=cortex-m3 -std=gnu11 -g3 -DDEBUG -DUSE_HAL_DRIVER -DSTM32F103x6 -c -I../Core/Inc -I../Drivers/STM32F1xx_HAL_Driver/Inc/Legacy -I../Drivers/STM32F1xx_HAL_Driver/Inc -I../Drivers/CMSIS/Device/ST/STM32F1xx/Include -I../Drivers/CMSIS/Include -O0 -ffunction-sections -fdata-sections -Wall -fstack-usage -MMD -MP -MF"Drivers/STM32F1xx_HAL_Driver/Src/stm32f1xx_hal_rcc.d" -MT"Drivers/STM32F1xx_HAL_Driver/Src/stm32f1xx_hal_rcc.o" --specs=nano.specs -mfloat-abi=soft -mthumb -o "Drivers/STM32F1xx_HAL_Driver/Src/stm32f1xx_hal_rcc.o"
arm-none-eabi-gcc "../Drivers/STM32F1xx_HAL_Driver/Src/stm32f1xx_hal_rcc_ex.c" -mcpu=cortex-m3 -std=gnu11 -g3 -DDEBUG -DUSE_HAL_DRIVER -DSTM32F103x6 -c -I../Core/Inc -I../Drivers/STM32F1xx_HAL_Driver/Inc/Legacy -I../Drivers/STM32F1xx_HAL_Driver/Inc -I../Drivers/CMSIS/Device/ST/STM32F1xx/Include -I../Drivers/CMSIS/Include -O0 -ffunction-sections -fdata-sections -Wall -fstack-usage -MMD -MP -MF"Drivers/STM32F1xx_HAL_Driver/Src/stm32f1xx_hal_rcc_ex.d" -MT"Drivers/STM32F1xx_HAL_Driver/Src/stm32f1xx_hal_rcc_ex.o" --specs=nano.specs -mfloat-abi=soft -mthumb -o "Drivers/STM32F1xx_HAL_Driver/Src/stm32f1xx_hal_rcc_ex.o"
arm-none-eabi-gcc "../Drivers/STM32F1xx_HAL_Driver/Src/stm32f1xx_hal_tim.c" -mcpu=cortex-m3 -std=gnu11 -g3 -DDEBUG -DUSE_HAL_DRIVER -DSTM32F103x6 -c -I../Core/Inc -I../Drivers/STM32F1xx_HAL_Driver/Inc/Legacy -I../Drivers/STM32F1xx_HAL_Driver/Inc -I../Drivers/CMSIS/Device/ST/STM32F1xx/Include -I../Drivers/CMSIS/Include -O0 -ffunction-sections -fdata-sections -Wall -fstack-usage -MMD -MP -MF"Drivers/STM32F1xx_HAL_Driver/Src/stm32f1xx_hal_tim.d" -MT"Drivers/STM32F1xx_HAL_Driver/Src/stm32f1xx_hal_tim.o" --specs=nano.specs -mfloat-abi=soft -mthumb -o "Drivers/STM32F1xx_HAL_Driver/Src/stm32f1xx_hal_tim.o"
arm-none-eabi-gcc "../Drivers/STM32F1xx_HAL_Driver/Src/stm32f1xx_hal_tim_ex.c" -mcpu=cortex-m3 -std=gnu11 -g3 -DDEBUG -DUSE_HAL_DRIVER -DSTM32F103x6 -c -I../Core/Inc -I../Drivers/STM32F1xx_HAL_Driver/Inc/Legacy -I../Drivers/STM32F1xx_HAL_Driver/Inc -I../Drivers/CMSIS/Device/ST/STM32F1xx/Include -I../Drivers/CMSIS/Include -O0 -ffunction-sections -fdata-sections -Wall -fstack-usage -MMD -MP -MF"Drivers/STM32F1xx_HAL_Driver/Src/stm32f1xx_hal_tim_ex.d" -MT"Drivers/STM32F1xx_HAL_Driver/Src/stm32f1xx_hal_tim_ex.o" --specs=nano.specs -mfloat-abi=soft -mthumb -o "Drivers/STM32F1xx_HAL_Driver/Src/stm32f1xx_hal_tim_ex.o"
arm-none-eabi-gcc "../Core/Src/main.c" -mcpu=cortex-m3 -std=gnu11 -g3 -DDEBUG -DUSE_HAL_DRIVER -DSTM32F103x6 -c -I../Core/Inc -I../Drivers/STM32F1xx_HAL_Driver/Inc/Legacy -I../Drivers/STM32F1xx_HAL_Driver/Inc -I../Drivers/CMSIS/Device/ST/STM32F1xx/Include -I../Drivers/CMSIS/Include -O0 -ffunction-sections -fdata-sections -Wall -fstack-usage -MMD -MP -MF"Core/Src/main.d" -MT"Core/Src/main.o" --specs=nano.specs -mfloat-abi=soft -mthumb -o "Core/Src/main.o"
arm-none-eabi-gcc "../Core/Src/stm32f1xx_hal_msp.c" -mcpu=cortex-m3 -std=gnu11 -g3 -DDEBUG -DUSE_HAL_DRIVER -DSTM32F103x6 -c -I../Core/Inc -I../Drivers/STM32F1xx_HAL_Driver/Inc/Legacy -I../Drivers/STM32F1xx_HAL_Driver/Inc -I../Drivers/CMSIS/Device/ST/STM32F1xx/Include -I../Drivers/CMSIS/Include -O0 -ffunction-sections -fdata-sections -Wall -fstack-usage -MMD -MP -MF"Core/Src/stm32f1xx_hal_msp.d" -MT"Core/Src/stm32f1xx_hal_msp.o" --specs=nano.specs -mfloat-abi=soft -mthumb -o "Core/Src/stm32f1xx_hal_msp.o"
arm-none-eabi-gcc "../Core/Src/stm32f1xx_it.c" -mcpu=cortex-m3 -std=gnu11 -g3 -DDEBUG -DUSE_HAL_DRIVER -DSTM32F103x6 -c -I../Core/Inc -I../Drivers/STM32F1xx_HAL_Driver/Inc/Legacy -I../Drivers/STM32F1xx_HAL_Driver/Inc -I../Drivers/CMSIS/Device/ST/STM32F1xx/Include -I../Drivers/CMSIS/Include -O0 -ffunction-sections -fdata-sections -Wall -fstack-usage -MMD -MP -MF"Core/Src/stm32f1xx_it.d" -MT"Core/Src/stm32f1xx_it.o" --specs=nano.specs -mfloat-abi=soft -mthumb -o "Core/Src/stm32f1xx_it.o"
arm-none-eabi-gcc "../Core/Src/system_stm32f1xx.c" -mcpu=cortex-m3 -std=gnu11 -g3 -DDEBUG -DUSE_HAL_DRIVER -DSTM32F103x6 -c -I../Core/Inc -I../Drivers/STM32F1xx_HAL_Driver/Inc/Legacy -I../Drivers/STM32F1xx_HAL_Driver/Inc -I../Drivers/CMSIS/Device/ST/STM32F1xx/Include -I../Drivers/CMSIS/Include -O0 -ffunction-sections -fdata-sections -Wall -fstack-usage -MMD -MP -MF"Core/Src/system_stm32f1xx.d" -MT"Core/Src/system_stm32f1xx.o" --specs=nano.specs -mfloat-abi=soft -mthumb -o "Core/Src/system_stm32f1xx.o"
arm-none-eabi-gcc -o "Bai6.elf" @"objects.list"   -mcpu=cortex-m3 -T"D:\Microcontroller\LAB\LAB2\Bai6\STM\Bai6\STM32F103C6UX_FLASH.ld" --specs=nosys.specs -Wl,-Map="Bai6.map" -Wl,--gc-sections -static --specs=nano.specs -mfloat-abi=soft -mthumb -Wl,--start-group -lc -lm -Wl,--end-group
Finished building target: Bai6.elf
 
arm-none-eabi-size   Bai6.elf 
arm-none-eabi-objdump -h -S  Bai6.elf  > "Bai6.list"
arm-none-eabi-objcopy  -O ihex  Bai6.elf  "Bai6.hex"
   text	   data	    bss	    dec	    hex	filename
   7032	     24	   1648	   8704	   2200	Bai6.elf
Finished building: default.size.stdout
 
Finished building: Bai6.hex
 
Finished building: Bai6.list
 
22:27:23 **** Incremental Build of configuration Debug for project Bai6 ****
make -j8 all 
arm-none-eabi-size   Bai6.elf 
   text	   data	    bss	    dec	    hex	filename
   7032	     24	   1648	   8704	   2200	Bai6.elf
Finished building: default.size.stdout
 
22:33:18 **** Incremental Build of configuration Debug for project Bai6 ****
make -j8 all 
arm-none-eabi-gcc "../Core/Src/main.c" -mcpu=cortex-m3 -std=gnu11 -g3 -DDEBUG -DUSE_HAL_DRIVER -DSTM32F103x6 -c -I../Core/Inc -I../Drivers/STM32F1xx_HAL_Driver/Inc/Legacy -I../Drivers/STM32F1xx_HAL_Driver/Inc -I../Drivers/CMSIS/Device/ST/STM32F1xx/Include -I../Drivers/CMSIS/Include -O0 -ffunction-sections -fdata-sections -Wall -fstack-usage -MMD -MP -MF"Core/Src/main.d" -MT"Core/Src/main.o" --specs=nano.specs -mfloat-abi=soft -mthumb -o "Core/Src/main.o"
arm-none-eabi-gcc -o "Bai6.elf" @"objects.list"   -mcpu=cortex-m3 -T"D:\Microcontroller\LAB\LAB2\Bai6\STM\Bai6\STM32F103C6UX_FLASH.ld" --specs=nosys.specs -Wl,-Map="Bai6.map" -Wl,--gc-sections -static --specs=nano.specs -mfloat-abi=soft -mthumb -Wl,--start-group -lc -lm -Wl,--end-group
Finished building target: Bai6.elf
 
arm-none-eabi-size   Bai6.elf 
arm-none-eabi-objdump -h -S  Bai6.elf  > "Bai6.list"
arm-none-eabi-objcopy  -O ihex  Bai6.elf  "Bai6.hex"
   text	   data	    bss	    dec	    hex	filename
   7040	     24	   1648	   8712	   2208	Bai6.elf
Finished building: default.size.stdout
 
Finished building: Bai6.hex
 
Finished building: Bai6.list
 
22:34:49 **** Incremental Build of configuration Debug for project Bai6 ****
make -j8 all 
arm-none-eabi-gcc "../Core/Src/main.c" -mcpu=cortex-m3 -std=gnu11 -g3 -DDEBUG -DUSE_HAL_DRIVER -DSTM32F103x6 -c -I../Core/Inc -I../Drivers/STM32F1xx_HAL_Driver/Inc/Legacy -I../Drivers/STM32F1xx_HAL_Driver/Inc -I../Drivers/CMSIS/Device/ST/STM32F1xx/Include -I../Drivers/CMSIS/Include -O0 -ffunction-sections -fdata-sections -Wall -fstack-usage -MMD -MP -MF"Core/Src/main.d" -MT"Core/Src/main.o" --specs=nano.specs -mfloat-abi=soft -mthumb -o "Core/Src/main.o"
arm-none-eabi-gcc -o "Bai6.elf" @"objects.list"   -mcpu=cortex-m3 -T"D:\Microcontroller\LAB\LAB2\Bai6\STM\Bai6\STM32F103C6UX_FLASH.ld" --specs=nosys.specs -Wl,-Map="Bai6.map" -Wl,--gc-sections -static --specs=nano.specs -mfloat-abi=soft -mthumb -Wl,--start-group -lc -lm -Wl,--end-group
Finished building target: Bai6.elf
 
arm-none-eabi-size   Bai6.elf 
arm-none-eabi-objdump -h -S  Bai6.elf  > "Bai6.list"
arm-none-eabi-objcopy  -O ihex  Bai6.elf  "Bai6.hex"
   text	   data	    bss	    dec	    hex	filename
   7040	     24	   1648	   8712	   2208	Bai6.elf
Finished building: default.size.stdout
 
Finished building: Bai6.hex
 
Finished building: Bai6.list
 
